# JRE version: Java(TM) SE Runtime Environment (8.0_211-b12) (build 1.8.0_211-b12)
# Java VM: Java HotSpot(TM) 64-Bit Server VM (25.211-b12 mixed mode windows-amd64 compressed oops)
Heap:
 PSYoungGen      total 182272K, used 117289K [0x00000000d5e00000, 0x00000000e2e00000, 0x0000000100000000)
  eden space 167424K, 61% used [0x00000000d5e00000,0x00000000dc210b48,0x00000000e0180000)
  from space 14848K, 99% used [0x00000000e1380000,0x00000000e21f9bd8,0x00000000e2200000)
  to   space 18432K, 0% used [0x00000000e0180000,0x00000000e0180000,0x00000000e1380000)
 ParOldGen       total 112640K, used 23301K [0x0000000081a00000, 0x0000000088800000, 0x00000000d5e00000)
  object space 112640K, 20% used [0x0000000081a00000,0x00000000830c1688,0x0000000088800000)
 Metaspace       used 53491K, capacity 56042K, committed 56152K, reserved 1097728K
  class space    used 7050K, capacity 7509K, committed 7552K, reserved 1048576K
GC Heap History (10 events):
Event: 5.824 GC heap before
{Heap before GC invocations=6 (full 1):
 PSYoungGen      total 99328K, used 99313K [0x00000000d5e00000, 0x00000000dea00000, 0x0000000100000000)
  eden space 94208K, 100% used [0x00000000d5e00000,0x00000000dba00000,0x00000000dba00000)
  from space 5120K, 99% used [0x00000000de500000,0x00000000de9fc550,0x00000000dea00000)
  to   space 5120K, 0% used [0x00000000de000000,0x00000000de000000,0x00000000de500000)
 ParOldGen       total 70656K, used 13248K [0x0000000081a00000, 0x0000000085f00000, 0x00000000d5e00000)
  object space 70656K, 18% used [0x0000000081a00000,0x00000000826f02d0,0x0000000085f00000)
 Metaspace       used 29112K, capacity 30148K, committed 30464K, reserved 1075200K
  class space    used 3769K, capacity 3992K, committed 4096K, reserved 1048576K
Event: 5.838 GC heap after
Heap after GC invocations=6 (full 1):
 PSYoungGen      total 135168K, used 5108K [0x00000000d5e00000, 0x00000000df700000, 0x0000000100000000)
  eden space 130048K, 0% used [0x00000000d5e00000,0x00000000d5e00000,0x00000000ddd00000)
  from space 5120K, 99% used [0x00000000de000000,0x00000000de4fd030,0x00000000de500000)
  to   space 13312K, 0% used [0x00000000dea00000,0x00000000dea00000,0x00000000df700000)
 ParOldGen       total 70656K, used 19087K [0x0000000081a00000, 0x0000000085f00000, 0x00000000d5e00000)
  object space 70656K, 27% used [0x0000000081a00000,0x0000000082ca3ee8,0x0000000085f00000)
 Metaspace       used 29112K, capacity 30148K, committed 30464K, reserved 1075200K
  class space    used 3769K, capacity 3992K, committed 4096K, reserved 1048576K
}
Event: 7.671 GC heap before
{Heap before GC invocations=7 (full 1):
 PSYoungGen      total 135168K, used 81662K [0x00000000d5e00000, 0x00000000df700000, 0x0000000100000000)
  eden space 130048K, 58% used [0x00000000d5e00000,0x00000000da8c2ac0,0x00000000ddd00000)
  from space 5120K, 99% used [0x00000000de000000,0x00000000de4fd030,0x00000000de500000)
  to   space 13312K, 0% used [0x00000000dea00000,0x00000000dea00000,0x00000000df700000)
 ParOldGen       total 70656K, used 19087K [0x0000000081a00000, 0x0000000085f00000, 0x00000000d5e00000)
  object space 70656K, 27% used [0x0000000081a00000,0x0000000082ca3ee8,0x0000000085f00000)
 Metaspace       used 33954K, capacity 35384K, committed 35416K, reserved 1079296K
  class space    used 4400K, capacity 4728K, committed 4736K, reserved 1048576K
Event: 7.684 GC heap after
Heap after GC invocations=7 (full 1):
 PSYoungGen      total 141312K, used 13283K [0x00000000d5e00000, 0x00000000e2880000, 0x0000000100000000)
  eden space 128000K, 0% used [0x00000000d5e00000,0x00000000d5e00000,0x00000000ddb00000)
  from space 13312K, 99% used [0x00000000dea00000,0x00000000df6f8f78,0x00000000df700000)
  to   space 15360K, 0% used [0x00000000ddb00000,0x00000000ddb00000,0x00000000dea00000)
 ParOldGen       total 70656K, used 19558K [0x0000000081a00000, 0x0000000085f00000, 0x00000000d5e00000)
  object space 70656K, 27% used [0x0000000081a00000,0x0000000082d19a88,0x0000000085f00000)
 Metaspace       used 33954K, capacity 35384K, committed 35416K, reserved 1079296K
  class space    used 4400K, capacity 4728K, committed 4736K, reserved 1048576K
}
Event: 7.684 GC heap before
{Heap before GC invocations=8 (full 2):
 PSYoungGen      total 141312K, used 13283K [0x00000000d5e00000, 0x00000000e2880000, 0x0000000100000000)
  eden space 128000K, 0% used [0x00000000d5e00000,0x00000000d5e00000,0x00000000ddb00000)
  from space 13312K, 99% used [0x00000000dea00000,0x00000000df6f8f78,0x00000000df700000)
  to   space 15360K, 0% used [0x00000000ddb00000,0x00000000ddb00000,0x00000000dea00000)
 ParOldGen       total 70656K, used 19558K [0x0000000081a00000, 0x0000000085f00000, 0x00000000d5e00000)
  object space 70656K, 27% used [0x0000000081a00000,0x0000000082d19a88,0x0000000085f00000)
 Metaspace       used 33954K, capacity 35384K, committed 35416K, reserved 1079296K
  class space    used 4400K, capacity 4728K, committed 4736K, reserved 1048576K
Event: 7.791 GC heap after
Heap after GC invocations=8 (full 2):
 PSYoungGen      total 141312K, used 0K [0x00000000d5e00000, 0x00000000e2880000, 0x0000000100000000)
  eden space 128000K, 0% used [0x00000000d5e00000,0x00000000d5e00000,0x00000000ddb00000)
  from space 13312K, 0% used [0x00000000dea00000,0x00000000dea00000,0x00000000df700000)
  to   space 15360K, 0% used [0x00000000ddb00000,0x00000000ddb00000,0x00000000dea00000)
 ParOldGen       total 112640K, used 19795K [0x0000000081a00000, 0x0000000088800000, 0x00000000d5e00000)
  object space 112640K, 17% used [0x0000000081a00000,0x0000000082d54e88,0x0000000088800000)
 Metaspace       used 33954K, capacity 35384K, committed 35416K, reserved 1079296K
  class space    used 4400K, capacity 4728K, committed 4736K, reserved 1048576K
}
Event: 10.144 GC heap before
{Heap before GC invocations=9 (full 2):
 PSYoungGen      total 141312K, used 128000K [0x00000000d5e00000, 0x00000000e2880000, 0x0000000100000000)
  eden space 128000K, 100% used [0x00000000d5e00000,0x00000000ddb00000,0x00000000ddb00000)
  from space 13312K, 0% used [0x00000000dea00000,0x00000000dea00000,0x00000000df700000)
  to   space 15360K, 0% used [0x00000000ddb00000,0x00000000ddb00000,0x00000000dea00000)
 ParOldGen       total 112640K, used 19795K [0x0000000081a00000, 0x0000000088800000, 0x00000000d5e00000)
  object space 112640K, 17% used [0x0000000081a00000,0x0000000082d54e88,0x0000000088800000)
 Metaspace       used 39350K, capacity 41022K, committed 41304K, reserved 1085440K
  class space    used 5086K, capacity 5431K, committed 5504K, reserved 1048576K
Event: 10.160 GC heap after
Heap after GC invocations=9 (full 2):
 PSYoungGen      total 143360K, used 10287K [0x00000000d5e00000, 0x00000000e2200000, 0x0000000100000000)
  eden space 128000K, 0% used [0x00000000d5e00000,0x00000000d5e00000,0x00000000ddb00000)
  from space 15360K, 66% used [0x00000000ddb00000,0x00000000de50bd78,0x00000000dea00000)
  to   space 14848K, 0% used [0x00000000e1380000,0x00000000e1380000,0x00000000e2200000)
 ParOldGen       total 112640K, used 19803K [0x0000000081a00000, 0x0000000088800000, 0x00000000d5e00000)
  object space 112640K, 17% used [0x0000000081a00000,0x0000000082d56e88,0x0000000088800000)
 Metaspace       used 39350K, capacity 41022K, committed 41304K, reserved 1085440K
  class space    used 5086K, capacity 5431K, committed 5504K, reserved 1048576K
}
Event: 12.685 GC heap before
{Heap before GC invocations=10 (full 2):
 PSYoungGen      total 143360K, used 138287K [0x00000000d5e00000, 0x00000000e2200000, 0x0000000100000000)
  eden space 128000K, 100% used [0x00000000d5e00000,0x00000000ddb00000,0x00000000ddb00000)
  from space 15360K, 66% used [0x00000000ddb00000,0x00000000de50bd78,0x00000000dea00000)
  to   space 14848K, 0% used [0x00000000e1380000,0x00000000e1380000,0x00000000e2200000)
 ParOldGen       total 112640K, used 19803K [0x0000000081a00000, 0x0000000088800000, 0x00000000d5e00000)
  object space 112640K, 17% used [0x0000000081a00000,0x0000000082d56e88,0x0000000088800000)
 Metaspace       used 46644K, capacity 48932K, committed 49240K, reserved 1091584K
  class space    used 6051K, capacity 6470K, committed 6528K, reserved 1048576K
Event: 12.728 GC heap after
Heap after GC invocations=10 (full 2):
 PSYoungGen      total 182272K, used 14822K [0x00000000d5e00000, 0x00000000e2e00000, 0x0000000100000000)
  eden space 167424K, 0% used [0x00000000d5e00000,0x00000000d5e00000,0x00000000e0180000)
  from space 14848K, 99% used [0x00000000e1380000,0x00000000e21f9bd8,0x00000000e2200000)
  to   space 18432K, 0% used [0x00000000e0180000,0x00000000e0180000,0x00000000e1380000)
 ParOldGen       total 112640K, used 23301K [0x0000000081a00000, 0x0000000088800000, 0x00000000d5e00000)
  object space 112640K, 20% used [0x0000000081a00000,0x00000000830c1688,0x0000000088800000)
 Metaspace       used 46644K, capacity 48932K, committed 49240K, reserved 1091584K
  class space    used 6051K, capacity 6470K, committed 6528K, reserved 1048576K
}

