# JRE version: Java(TM) SE Runtime Environment (8.0_211-b12) (build 1.8.0_211-b12)
# Java VM: Java HotSpot(TM) 64-Bit Server VM (25.211-b12 mixed mode windows-amd64 compressed oops)
Heap:
 PSYoungGen      total 205824K, used 19440K [0x00000000d5e00000, 0x00000000e3c80000, 0x0000000100000000)
  eden space 186368K, 0% used [0x00000000d5e00000,0x00000000d5e00000,0x00000000e1400000)
  from space 19456K, 99% used [0x00000000e1400000,0x00000000e26fc3b0,0x00000000e2700000)
  to   space 15360K, 0% used [0x00000000e2700000,0x00000000e2700000,0x00000000e3600000)
 ParOldGen       total 110080K, used 30230K [0x0000000081a00000, 0x0000000088580000, 0x00000000d5e00000)
  object space 110080K, 27% used [0x0000000081a00000,0x0000000083785a48,0x0000000088580000)
 Metaspace       used 56295K, capacity 58968K, committed 59028K, reserved 1099776K
  class space    used 7465K, capacity 7912K, committed 7936K, reserved 1048576K
GC Heap History (10 events):
Event: 6.568 GC heap after
Heap after GC invocations=7 (full 1):
 PSYoungGen      total 151552K, used 13291K [0x00000000d5e00000, 0x00000000e3980000, 0x0000000100000000)
  eden space 138240K, 0% used [0x00000000d5e00000,0x00000000d5e00000,0x00000000de500000)
  from space 13312K, 99% used [0x00000000df480000,0x00000000e017af40,0x00000000e0180000)
  to   space 15872K, 0% used [0x00000000de500000,0x00000000de500000,0x00000000df480000)
 ParOldGen       total 70144K, used 19773K [0x0000000081a00000, 0x0000000085e80000, 0x00000000d5e00000)
  object space 70144K, 28% used [0x0000000081a00000,0x0000000082d4f578,0x0000000085e80000)
 Metaspace       used 33966K, capacity 35392K, committed 35416K, reserved 1079296K
  class space    used 4405K, capacity 4728K, committed 4736K, reserved 1048576K
}
Event: 6.568 GC heap before
{Heap before GC invocations=8 (full 2):
 PSYoungGen      total 151552K, used 13291K [0x00000000d5e00000, 0x00000000e3980000, 0x0000000100000000)
  eden space 138240K, 0% used [0x00000000d5e00000,0x00000000d5e00000,0x00000000de500000)
  from space 13312K, 99% used [0x00000000df480000,0x00000000e017af40,0x00000000e0180000)
  to   space 15872K, 0% used [0x00000000de500000,0x00000000de500000,0x00000000df480000)
 ParOldGen       total 70144K, used 19773K [0x0000000081a00000, 0x0000000085e80000, 0x00000000d5e00000)
  object space 70144K, 28% used [0x0000000081a00000,0x0000000082d4f578,0x0000000085e80000)
 Metaspace       used 33966K, capacity 35392K, committed 35416K, reserved 1079296K
  class space    used 4405K, capacity 4728K, committed 4736K, reserved 1048576K
Event: 6.669 GC heap after
Heap after GC invocations=8 (full 2):
 PSYoungGen      total 151552K, used 0K [0x00000000d5e00000, 0x00000000e3980000, 0x0000000100000000)
  eden space 138240K, 0% used [0x00000000d5e00000,0x00000000d5e00000,0x00000000de500000)
  from space 13312K, 0% used [0x00000000df480000,0x00000000df480000,0x00000000e0180000)
  to   space 15872K, 0% used [0x00000000de500000,0x00000000de500000,0x00000000df480000)
 ParOldGen       total 110080K, used 20028K [0x0000000081a00000, 0x0000000088580000, 0x00000000d5e00000)
  object space 110080K, 18% used [0x0000000081a00000,0x0000000082d8f140,0x0000000088580000)
 Metaspace       used 33966K, capacity 35392K, committed 35416K, reserved 1079296K
  class space    used 4405K, capacity 4728K, committed 4736K, reserved 1048576K
}
Event: 8.788 GC heap before
{Heap before GC invocations=9 (full 2):
 PSYoungGen      total 151552K, used 138240K [0x00000000d5e00000, 0x00000000e3980000, 0x0000000100000000)
  eden space 138240K, 100% used [0x00000000d5e00000,0x00000000de500000,0x00000000de500000)
  from space 13312K, 0% used [0x00000000df480000,0x00000000df480000,0x00000000e0180000)
  to   space 15872K, 0% used [0x00000000de500000,0x00000000de500000,0x00000000df480000)
 ParOldGen       total 110080K, used 20028K [0x0000000081a00000, 0x0000000088580000, 0x00000000d5e00000)
  object space 110080K, 18% used [0x0000000081a00000,0x0000000082d8f140,0x0000000088580000)
 Metaspace       used 39710K, capacity 41414K, committed 41560K, reserved 1085440K
  class space    used 5138K, capacity 5467K, committed 5504K, reserved 1048576K
Event: 8.804 GC heap after
Heap after GC invocations=9 (full 2):
 PSYoungGen      total 154112K, used 10875K [0x00000000d5e00000, 0x00000000e3600000, 0x0000000100000000)
  eden space 138240K, 0% used [0x00000000d5e00000,0x00000000d5e00000,0x00000000de500000)
  from space 15872K, 68% used [0x00000000de500000,0x00000000def9ed58,0x00000000df480000)
  to   space 15360K, 0% used [0x00000000e2700000,0x00000000e2700000,0x00000000e3600000)
 ParOldGen       total 110080K, used 20036K [0x0000000081a00000, 0x0000000088580000, 0x00000000d5e00000)
  object space 110080K, 18% used [0x0000000081a00000,0x0000000082d91140,0x0000000088580000)
 Metaspace       used 39710K, capacity 41414K, committed 41560K, reserved 1085440K
  class space    used 5138K, capacity 5467K, committed 5504K, reserved 1048576K
}
Event: 12.112 GC heap before
{Heap before GC invocations=10 (full 2):
 PSYoungGen      total 154112K, used 149115K [0x00000000d5e00000, 0x00000000e3600000, 0x0000000100000000)
  eden space 138240K, 100% used [0x00000000d5e00000,0x00000000de500000,0x00000000de500000)
  from space 15872K, 68% used [0x00000000de500000,0x00000000def9ed58,0x00000000df480000)
  to   space 15360K, 0% used [0x00000000e2700000,0x00000000e2700000,0x00000000e3600000)
 ParOldGen       total 110080K, used 20036K [0x0000000081a00000, 0x0000000088580000, 0x00000000d5e00000)
  object space 110080K, 18% used [0x0000000081a00000,0x0000000082d91140,0x0000000088580000)
 Metaspace       used 48378K, capacity 50734K, committed 51032K, reserved 1093632K
  class space    used 6286K, capacity 6701K, committed 6784K, reserved 1048576K
Event: 12.144 GC heap after
Heap after GC invocations=10 (full 2):
 PSYoungGen      total 201728K, used 15355K [0x00000000d5e00000, 0x00000000e3c80000, 0x0000000100000000)
  eden space 186368K, 0% used [0x00000000d5e00000,0x00000000d5e00000,0x00000000e1400000)
  from space 15360K, 99% used [0x00000000e2700000,0x00000000e35fef70,0x00000000e3600000)
  to   space 19456K, 0% used [0x00000000e1400000,0x00000000e1400000,0x00000000e2700000)
 ParOldGen       total 110080K, used 24959K [0x0000000081a00000, 0x0000000088580000, 0x00000000d5e00000)
  object space 110080K, 22% used [0x0000000081a00000,0x000000008325fee0,0x0000000088580000)
 Metaspace       used 48378K, capacity 50734K, committed 51032K, reserved 1093632K
  class space    used 6286K, capacity 6701K, committed 6784K, reserved 1048576K
}
Event: 21.751 GC heap before
{Heap before GC invocations=11 (full 2):
 PSYoungGen      total 201728K, used 146277K [0x00000000d5e00000, 0x00000000e3c80000, 0x0000000100000000)
  eden space 186368K, 70% used [0x00000000d5e00000,0x00000000dddda4b0,0x00000000e1400000)
  from space 15360K, 99% used [0x00000000e2700000,0x00000000e35fef70,0x00000000e3600000)
  to   space 19456K, 0% used [0x00000000e1400000,0x00000000e1400000,0x00000000e2700000)
 ParOldGen       total 110080K, used 24959K [0x0000000081a00000, 0x0000000088580000, 0x00000000d5e00000)
  object space 110080K, 22% used [0x0000000081a00000,0x000000008325fee0,0x0000000088580000)
 Metaspace       used 56295K, capacity 58968K, committed 59028K, reserved 1099776K
  class space    used 7465K, capacity 7912K, committed 7936K, reserved 1048576K
Event: 21.812 GC heap after
Heap after GC invocations=11 (full 2):
 PSYoungGen      total 205824K, used 19440K [0x00000000d5e00000, 0x00000000e3c80000, 0x0000000100000000)
  eden space 186368K, 0% used [0x00000000d5e00000,0x00000000d5e00000,0x00000000e1400000)
  from space 19456K, 99% used [0x00000000e1400000,0x00000000e26fc3b0,0x00000000e2700000)
  to   space 15360K, 0% used [0x00000000e2700000,0x00000000e2700000,0x00000000e3600000)
 ParOldGen       total 110080K, used 30230K [0x0000000081a00000, 0x0000000088580000, 0x00000000d5e00000)
  object space 110080K, 27% used [0x0000000081a00000,0x0000000083785a48,0x0000000088580000)
 Metaspace       used 56295K, capacity 58968K, committed 59028K, reserved 1099776K
  class space    used 7465K, capacity 7912K, committed 7936K, reserved 1048576K
}
Event: 21.812 GC heap before
{Heap before GC invocations=12 (full 3):
 PSYoungGen      total 205824K, used 19440K [0x00000000d5e00000, 0x00000000e3c80000, 0x0000000100000000)
  eden space 186368K, 0% used [0x00000000d5e00000,0x00000000d5e00000,0x00000000e1400000)
  from space 19456K, 99% used [0x00000000e1400000,0x00000000e26fc3b0,0x00000000e2700000)
  to   space 15360K, 0% used [0x00000000e2700000,0x00000000e2700000,0x00000000e3600000)
 ParOldGen       total 110080K, used 30230K [0x0000000081a00000, 0x0000000088580000, 0x00000000d5e00000)
  object space 110080K, 27% used [0x0000000081a00000,0x0000000083785a48,0x0000000088580000)
 Metaspace       used 56295K, capacity 58968K, committed 59028K, reserved 1099776K
  class space    used 7465K, capacity 7912K, committed 7936K, reserved 1048576K

