# JRE version: Java(TM) SE Runtime Environment (8.0_211-b12) (build 1.8.0_211-b12)
# Java VM: Java HotSpot(TM) 64-Bit Server VM (25.211-b12 mixed mode windows-amd64 compressed oops)
Heap:
 PSYoungGen      total 154112K, used 77979K [0x00000000d5e00000, 0x00000000e3b00000, 0x0000000100000000)
  eden space 140800K, 55% used [0x00000000d5e00000,0x00000000daa26c00,0x00000000de780000)
  from space 13312K, 0% used [0x00000000df700000,0x00000000df700000,0x00000000e0400000)
  to   space 15872K, 0% used [0x00000000de780000,0x00000000de780000,0x00000000df700000)
 ParOldGen       total 111616K, used 24032K [0x0000000081a00000, 0x0000000088700000, 0x00000000d5e00000)
  object space 111616K, 21% used [0x0000000081a00000,0x0000000083178190,0x0000000088700000)
 Metaspace       used 37067K, capacity 38540K, committed 38656K, reserved 1083392K
  class space    used 4746K, capacity 5038K, committed 5120K, reserved 1048576K
GC Heap History (10 events):
Event: 2.002 GC heap before
{Heap before GC invocations=4 (full 1):
 PSYoungGen      total 71680K, used 5096K [0x00000000d5e00000, 0x00000000dea00000, 0x0000000100000000)
  eden space 66560K, 0% used [0x00000000d5e00000,0x00000000d5e00000,0x00000000d9f00000)
  from space 5120K, 99% used [0x00000000d9f00000,0x00000000da3fa040,0x00000000da400000)
  to   space 5120K, 0% used [0x00000000de500000,0x00000000de500000,0x00000000dea00000)
 ParOldGen       total 87552K, used 9534K [0x0000000081a00000, 0x0000000086f80000, 0x00000000d5e00000)
  object space 87552K, 10% used [0x0000000081a00000,0x000000008234f9f0,0x0000000086f80000)
 Metaspace       used 20674K, capacity 21190K, committed 21296K, reserved 1069056K
  class space    used 2632K, capacity 2780K, committed 2816K, reserved 1048576K
Event: 2.042 GC heap after
Heap after GC invocations=4 (full 1):
 PSYoungGen      total 71680K, used 0K [0x00000000d5e00000, 0x00000000dea00000, 0x0000000100000000)
  eden space 66560K, 0% used [0x00000000d5e00000,0x00000000d5e00000,0x00000000d9f00000)
  from space 5120K, 0% used [0x00000000d9f00000,0x00000000d9f00000,0x00000000da400000)
  to   space 5120K, 0% used [0x00000000de500000,0x00000000de500000,0x00000000dea00000)
 ParOldGen       total 69120K, used 11480K [0x0000000081a00000, 0x0000000085d80000, 0x00000000d5e00000)
  object space 69120K, 16% used [0x0000000081a00000,0x00000000825362d0,0x0000000085d80000)
 Metaspace       used 20673K, capacity 21184K, committed 21296K, reserved 1069056K
  class space    used 2632K, capacity 2779K, committed 2816K, reserved 1048576K
}
Event: 3.436 GC heap before
{Heap before GC invocations=5 (full 1):
 PSYoungGen      total 71680K, used 66560K [0x00000000d5e00000, 0x00000000dea00000, 0x0000000100000000)
  eden space 66560K, 100% used [0x00000000d5e00000,0x00000000d9f00000,0x00000000d9f00000)
  from space 5120K, 0% used [0x00000000d9f00000,0x00000000d9f00000,0x00000000da400000)
  to   space 5120K, 0% used [0x00000000de500000,0x00000000de500000,0x00000000dea00000)
 ParOldGen       total 69120K, used 11480K [0x0000000081a00000, 0x0000000085d80000, 0x00000000d5e00000)
  object space 69120K, 16% used [0x0000000081a00000,0x00000000825362d0,0x0000000085d80000)
 Metaspace       used 26342K, capacity 27210K, committed 27520K, reserved 1073152K
  class space    used 3370K, capacity 3592K, committed 3712K, reserved 1048576K
Event: 3.445 GC heap after
Heap after GC invocations=5 (full 1):
 PSYoungGen      total 102400K, used 5100K [0x00000000d5e00000, 0x00000000dea00000, 0x0000000100000000)
  eden space 97280K, 0% used [0x00000000d5e00000,0x00000000d5e00000,0x00000000dbd00000)
  from space 5120K, 99% used [0x00000000de500000,0x00000000de9fb1c0,0x00000000dea00000)
  to   space 5120K, 0% used [0x00000000de000000,0x00000000de000000,0x00000000de500000)
 ParOldGen       total 69120K, used 13188K [0x0000000081a00000, 0x0000000085d80000, 0x00000000d5e00000)
  object space 69120K, 19% used [0x0000000081a00000,0x00000000826e1190,0x0000000085d80000)
 Metaspace       used 26342K, capacity 27210K, committed 27520K, reserved 1073152K
  class space    used 3370K, capacity 3592K, committed 3712K, reserved 1048576K
}
Event: 4.595 GC heap before
{Heap before GC invocations=6 (full 1):
 PSYoungGen      total 102400K, used 102380K [0x00000000d5e00000, 0x00000000dea00000, 0x0000000100000000)
  eden space 97280K, 100% used [0x00000000d5e00000,0x00000000dbd00000,0x00000000dbd00000)
  from space 5120K, 99% used [0x00000000de500000,0x00000000de9fb1c0,0x00000000dea00000)
  to   space 5120K, 0% used [0x00000000de000000,0x00000000de000000,0x00000000de500000)
 ParOldGen       total 69120K, used 13188K [0x0000000081a00000, 0x0000000085d80000, 0x00000000d5e00000)
  object space 69120K, 19% used [0x0000000081a00000,0x00000000826e1190,0x0000000085d80000)
 Metaspace       used 29261K, capacity 30312K, committed 30464K, reserved 1075200K
  class space    used 3791K, capacity 4024K, committed 4096K, reserved 1048576K
Event: 4.620 GC heap after
Heap after GC invocations=6 (full 1):
 PSYoungGen      total 138240K, used 5088K [0x00000000d5e00000, 0x00000000e0400000, 0x0000000100000000)
  eden space 133120K, 0% used [0x00000000d5e00000,0x00000000d5e00000,0x00000000de000000)
  from space 5120K, 99% used [0x00000000de000000,0x00000000de4f8020,0x00000000de500000)
  to   space 13312K, 0% used [0x00000000df700000,0x00000000df700000,0x00000000e0400000)
 ParOldGen       total 69120K, used 19278K [0x0000000081a00000, 0x0000000085d80000, 0x00000000d5e00000)
  object space 69120K, 27% used [0x0000000081a00000,0x0000000082cd3870,0x0000000085d80000)
 Metaspace       used 29261K, capacity 30312K, committed 30464K, reserved 1075200K
  class space    used 3791K, capacity 4024K, committed 4096K, reserved 1048576K
}
Event: 5.907 GC heap before
{Heap before GC invocations=7 (full 1):
 PSYoungGen      total 138240K, used 78912K [0x00000000d5e00000, 0x00000000e0400000, 0x0000000100000000)
  eden space 133120K, 55% used [0x00000000d5e00000,0x00000000da6180e8,0x00000000de000000)
  from space 5120K, 99% used [0x00000000de000000,0x00000000de4f8020,0x00000000de500000)
  to   space 13312K, 0% used [0x00000000df700000,0x00000000df700000,0x00000000e0400000)
 ParOldGen       total 69120K, used 19278K [0x0000000081a00000, 0x0000000085d80000, 0x00000000d5e00000)
  object space 69120K, 27% used [0x0000000081a00000,0x0000000082cd3870,0x0000000085d80000)
 Metaspace       used 34011K, capacity 35448K, committed 35456K, reserved 1079296K
  class space    used 4411K, capacity 4728K, committed 4736K, reserved 1048576K
Event: 5.925 GC heap after
Heap after GC invocations=7 (full 1):
 PSYoungGen      total 154112K, used 13285K [0x00000000d5e00000, 0x00000000e3b00000, 0x0000000100000000)
  eden space 140800K, 0% used [0x00000000d5e00000,0x00000000d5e00000,0x00000000de780000)
  from space 13312K, 99% used [0x00000000df700000,0x00000000e03f9550,0x00000000e0400000)
  to   space 15872K, 0% used [0x00000000de780000,0x00000000de780000,0x00000000df700000)
 ParOldGen       total 69120K, used 20186K [0x0000000081a00000, 0x0000000085d80000, 0x00000000d5e00000)
  object space 69120K, 29% used [0x0000000081a00000,0x0000000082db6ba0,0x0000000085d80000)
 Metaspace       used 34011K, capacity 35448K, committed 35456K, reserved 1079296K
  class space    used 4411K, capacity 4728K, committed 4736K, reserved 1048576K
}
Event: 5.925 GC heap before
{Heap before GC invocations=8 (full 2):
 PSYoungGen      total 154112K, used 13285K [0x00000000d5e00000, 0x00000000e3b00000, 0x0000000100000000)
  eden space 140800K, 0% used [0x00000000d5e00000,0x00000000d5e00000,0x00000000de780000)
  from space 13312K, 99% used [0x00000000df700000,0x00000000e03f9550,0x00000000e0400000)
  to   space 15872K, 0% used [0x00000000de780000,0x00000000de780000,0x00000000df700000)
 ParOldGen       total 69120K, used 20186K [0x0000000081a00000, 0x0000000085d80000, 0x00000000d5e00000)
  object space 69120K, 29% used [0x0000000081a00000,0x0000000082db6ba0,0x0000000085d80000)
 Metaspace       used 34011K, capacity 35448K, committed 35456K, reserved 1079296K
  class space    used 4411K, capacity 4728K, committed 4736K, reserved 1048576K
Event: 6.027 GC heap after
Heap after GC invocations=8 (full 2):
 PSYoungGen      total 154112K, used 0K [0x00000000d5e00000, 0x00000000e3b00000, 0x0000000100000000)
  eden space 140800K, 0% used [0x00000000d5e00000,0x00000000d5e00000,0x00000000de780000)
  from space 13312K, 0% used [0x00000000df700000,0x00000000df700000,0x00000000e0400000)
  to   space 15872K, 0% used [0x00000000de780000,0x00000000de780000,0x00000000df700000)
 ParOldGen       total 111616K, used 24032K [0x0000000081a00000, 0x0000000088700000, 0x00000000d5e00000)
  object space 111616K, 21% used [0x0000000081a00000,0x0000000083178190,0x0000000088700000)
 Metaspace       used 34011K, capacity 35448K, committed 35456K, reserved 1079296K
  class space    used 4411K, capacity 4728K, committed 4736K, reserved 1048576K
}

