# JRE version: Java(TM) SE Runtime Environment (8.0_211-b12) (build 1.8.0_211-b12)
# Java VM: Java HotSpot(TM) 64-Bit Server VM (25.211-b12 mixed mode windows-amd64 compressed oops)
Heap:
 PSYoungGen      total 202240K, used 93125K [0x00000000d5e00000, 0x00000000e4080000, 0x0000000100000000)
  eden space 182784K, 50% used [0x00000000d5e00000,0x00000000db8f1758,0x00000000e1080000)
  from space 19456K, 0% used [0x00000000e1700000,0x00000000e1700000,0x00000000e2a00000)
  to   space 23040K, 0% used [0x00000000e2a00000,0x00000000e2a00000,0x00000000e4080000)
 ParOldGen       total 107008K, used 40549K [0x0000000081a00000, 0x0000000088280000, 0x00000000d5e00000)
  object space 107008K, 37% used [0x0000000081a00000,0x0000000084199798,0x0000000088280000)
 Metaspace       used 58356K, capacity 61150K, committed 61400K, reserved 1101824K
  class space    used 7632K, capacity 8111K, committed 8192K, reserved 1048576K
GC Heap History (10 events):
Event: 10.353 GC heap before
{Heap before GC invocations=8 (full 2):
 PSYoungGen      total 152576K, used 13419K [0x00000000d5e00000, 0x00000000e3400000, 0x0000000100000000)
  eden space 138752K, 0% used [0x00000000d5e00000,0x00000000d5e00000,0x00000000de580000)
  from space 13824K, 97% used [0x00000000df480000,0x00000000e019af20,0x00000000e0200000)
  to   space 15360K, 0% used [0x00000000de580000,0x00000000de580000,0x00000000df480000)
 ParOldGen       total 68608K, used 19447K [0x0000000081a00000, 0x0000000085d00000, 0x00000000d5e00000)
  object space 68608K, 28% used [0x0000000081a00000,0x0000000082cfdc90,0x0000000085d00000)
 Metaspace       used 33963K, capacity 35404K, committed 35416K, reserved 1079296K
  class space    used 4398K, capacity 4728K, committed 4736K, reserved 1048576K
Event: 10.454 GC heap after
Heap after GC invocations=8 (full 2):
 PSYoungGen      total 152576K, used 0K [0x00000000d5e00000, 0x00000000e3400000, 0x0000000100000000)
  eden space 138752K, 0% used [0x00000000d5e00000,0x00000000d5e00000,0x00000000de580000)
  from space 13824K, 0% used [0x00000000df480000,0x00000000df480000,0x00000000e0200000)
  to   space 15360K, 0% used [0x00000000de580000,0x00000000de580000,0x00000000df480000)
 ParOldGen       total 107008K, used 19615K [0x0000000081a00000, 0x0000000088280000, 0x00000000d5e00000)
  object space 107008K, 18% used [0x0000000081a00000,0x0000000082d27cc0,0x0000000088280000)
 Metaspace       used 33963K, capacity 35404K, committed 35416K, reserved 1079296K
  class space    used 4398K, capacity 4728K, committed 4736K, reserved 1048576K
}
Event: 12.856 GC heap before
{Heap before GC invocations=9 (full 2):
 PSYoungGen      total 152576K, used 138752K [0x00000000d5e00000, 0x00000000e3400000, 0x0000000100000000)
  eden space 138752K, 100% used [0x00000000d5e00000,0x00000000de580000,0x00000000de580000)
  from space 13824K, 0% used [0x00000000df480000,0x00000000df480000,0x00000000e0200000)
  to   space 15360K, 0% used [0x00000000de580000,0x00000000de580000,0x00000000df480000)
 ParOldGen       total 107008K, used 19615K [0x0000000081a00000, 0x0000000088280000, 0x00000000d5e00000)
  object space 107008K, 18% used [0x0000000081a00000,0x0000000082d27cc0,0x0000000088280000)
 Metaspace       used 39745K, capacity 41422K, committed 41560K, reserved 1085440K
  class space    used 5138K, capacity 5467K, committed 5504K, reserved 1048576K
Event: 12.874 GC heap after
Heap after GC invocations=9 (full 2):
 PSYoungGen      total 154112K, used 11123K [0x00000000d5e00000, 0x00000000e3a80000, 0x0000000100000000)
  eden space 138752K, 0% used [0x00000000d5e00000,0x00000000d5e00000,0x00000000de580000)
  from space 15360K, 72% used [0x00000000de580000,0x00000000df05cd58,0x00000000df480000)
  to   space 15360K, 0% used [0x00000000e2b80000,0x00000000e2b80000,0x00000000e3a80000)
 ParOldGen       total 107008K, used 19623K [0x0000000081a00000, 0x0000000088280000, 0x00000000d5e00000)
  object space 107008K, 18% used [0x0000000081a00000,0x0000000082d29cc0,0x0000000088280000)
 Metaspace       used 39745K, capacity 41422K, committed 41560K, reserved 1085440K
  class space    used 5138K, capacity 5467K, committed 5504K, reserved 1048576K
}
Event: 21.543 GC heap before
{Heap before GC invocations=10 (full 2):
 PSYoungGen      total 154112K, used 149875K [0x00000000d5e00000, 0x00000000e3a80000, 0x0000000100000000)
  eden space 138752K, 100% used [0x00000000d5e00000,0x00000000de580000,0x00000000de580000)
  from space 15360K, 72% used [0x00000000de580000,0x00000000df05cd58,0x00000000df480000)
  to   space 15360K, 0% used [0x00000000e2b80000,0x00000000e2b80000,0x00000000e3a80000)
 ParOldGen       total 107008K, used 19623K [0x0000000081a00000, 0x0000000088280000, 0x00000000d5e00000)
  object space 107008K, 18% used [0x0000000081a00000,0x0000000082d29cc0,0x0000000088280000)
 Metaspace       used 48435K, capacity 50834K, committed 51032K, reserved 1093632K
  class space    used 6300K, capacity 6737K, committed 6784K, reserved 1048576K
Event: 21.578 GC heap after
Heap after GC invocations=10 (full 2):
 PSYoungGen      total 204800K, used 15343K [0x00000000d5e00000, 0x00000000e3d00000, 0x0000000100000000)
  eden space 189440K, 0% used [0x00000000d5e00000,0x00000000d5e00000,0x00000000e1700000)
  from space 15360K, 99% used [0x00000000e2b80000,0x00000000e3a7bc90,0x00000000e3a80000)
  to   space 19456K, 0% used [0x00000000e1700000,0x00000000e1700000,0x00000000e2a00000)
 ParOldGen       total 107008K, used 24808K [0x0000000081a00000, 0x0000000088280000, 0x00000000d5e00000)
  object space 107008K, 23% used [0x0000000081a00000,0x000000008323a0a8,0x0000000088280000)
 Metaspace       used 48435K, capacity 50834K, committed 51032K, reserved 1093632K
  class space    used 6300K, capacity 6737K, committed 6784K, reserved 1048576K
}
Event: 372.744 GC heap before
{Heap before GC invocations=11 (full 2):
 PSYoungGen      total 204800K, used 162035K [0x00000000d5e00000, 0x00000000e3d00000, 0x0000000100000000)
  eden space 189440K, 77% used [0x00000000d5e00000,0x00000000ded41228,0x00000000e1700000)
  from space 15360K, 99% used [0x00000000e2b80000,0x00000000e3a7bc90,0x00000000e3a80000)
  to   space 19456K, 0% used [0x00000000e1700000,0x00000000e1700000,0x00000000e2a00000)
 ParOldGen       total 107008K, used 24808K [0x0000000081a00000, 0x0000000088280000, 0x00000000d5e00000)
  object space 107008K, 23% used [0x0000000081a00000,0x000000008323a0a8,0x0000000088280000)
 Metaspace       used 56276K, capacity 58946K, committed 59028K, reserved 1099776K
  class space    used 7410K, capacity 7879K, committed 7936K, reserved 1048576K
Event: 372.819 GC heap after
Heap after GC invocations=11 (full 2):
 PSYoungGen      total 202240K, used 19428K [0x00000000d5e00000, 0x00000000e4080000, 0x0000000100000000)
  eden space 182784K, 0% used [0x00000000d5e00000,0x00000000d5e00000,0x00000000e1080000)
  from space 19456K, 99% used [0x00000000e1700000,0x00000000e29f91a0,0x00000000e2a00000)
  to   space 23040K, 0% used [0x00000000e2a00000,0x00000000e2a00000,0x00000000e4080000)
 ParOldGen       total 107008K, used 31086K [0x0000000081a00000, 0x0000000088280000, 0x00000000d5e00000)
  object space 107008K, 29% used [0x0000000081a00000,0x000000008385bb20,0x0000000088280000)
 Metaspace       used 56276K, capacity 58946K, committed 59028K, reserved 1099776K
  class space    used 7410K, capacity 7879K, committed 7936K, reserved 1048576K
}
Event: 372.819 GC heap before
{Heap before GC invocations=12 (full 3):
 PSYoungGen      total 202240K, used 19428K [0x00000000d5e00000, 0x00000000e4080000, 0x0000000100000000)
  eden space 182784K, 0% used [0x00000000d5e00000,0x00000000d5e00000,0x00000000e1080000)
  from space 19456K, 99% used [0x00000000e1700000,0x00000000e29f91a0,0x00000000e2a00000)
  to   space 23040K, 0% used [0x00000000e2a00000,0x00000000e2a00000,0x00000000e4080000)
 ParOldGen       total 107008K, used 31086K [0x0000000081a00000, 0x0000000088280000, 0x00000000d5e00000)
  object space 107008K, 29% used [0x0000000081a00000,0x000000008385bb20,0x0000000088280000)
 Metaspace       used 56276K, capacity 58946K, committed 59028K, reserved 1099776K
  class space    used 7410K, capacity 7879K, committed 7936K, reserved 1048576K
Event: 373.393 GC heap after
Heap after GC invocations=12 (full 3):
 PSYoungGen      total 202240K, used 0K [0x00000000d5e00000, 0x00000000e4080000, 0x0000000100000000)
  eden space 182784K, 0% used [0x00000000d5e00000,0x00000000d5e00000,0x00000000e1080000)
  from space 19456K, 0% used [0x00000000e1700000,0x00000000e1700000,0x00000000e2a00000)
  to   space 23040K, 0% used [0x00000000e2a00000,0x00000000e2a00000,0x00000000e4080000)
 ParOldGen       total 107008K, used 40549K [0x0000000081a00000, 0x0000000088280000, 0x00000000d5e00000)
  object space 107008K, 37% used [0x0000000081a00000,0x0000000084199798,0x0000000088280000)
 Metaspace       used 56276K, capacity 58946K, committed 59028K, reserved 1099776K
  class space    used 7410K, capacity 7879K, committed 7936K, reserved 1048576K
}

