# JRE version: Java(TM) SE Runtime Environment (8.0_211-b12) (build 1.8.0_211-b12)
# Java VM: Java HotSpot(TM) 64-Bit Server VM (25.211-b12 mixed mode windows-amd64 compressed oops)
Heap:
 PSYoungGen      total 190464K, used 35725K [0x00000000d5e00000, 0x00000000e7600000, 0x0000000100000000)
  eden space 168960K, 21% used [0x00000000d5e00000,0x00000000d80e35c0,0x00000000e0300000)
  from space 21504K, 0% used [0x00000000e0300000,0x00000000e0300000,0x00000000e1800000)
  to   space 23040K, 0% used [0x00000000e5f80000,0x00000000e5f80000,0x00000000e7600000)
 ParOldGen       total 139776K, used 41013K [0x0000000081a00000, 0x000000008a280000, 0x00000000d5e00000)
  object space 139776K, 29% used [0x0000000081a00000,0x000000008420d630,0x000000008a280000)
 Metaspace       used 57226K, capacity 59954K, committed 59992K, reserved 1101824K
  class space    used 7579K, capacity 8055K, committed 8064K, reserved 1048576K
GC Heap History (10 events):
Event: 8.933 GC heap before
{Heap before GC invocations=10 (full 2):
 PSYoungGen      total 110080K, used 100352K [0x00000000d5e00000, 0x00000000e0a00000, 0x0000000100000000)
  eden space 100352K, 100% used [0x00000000d5e00000,0x00000000dc000000,0x00000000dc000000)
  from space 9728K, 0% used [0x00000000dc000000,0x00000000dc000000,0x00000000dc980000)
  to   space 13824K, 0% used [0x00000000dfc80000,0x00000000dfc80000,0x00000000e0a00000)
 ParOldGen       total 103936K, used 20846K [0x0000000081a00000, 0x0000000087f80000, 0x00000000d5e00000)
  object space 103936K, 20% used [0x0000000081a00000,0x0000000082e5ba10,0x0000000087f80000)
 Metaspace       used 38280K, capacity 39932K, committed 40152K, reserved 1083392K
  class space    used 4933K, capacity 5286K, committed 5376K, reserved 1048576K
Event: 8.948 GC heap after
Heap after GC invocations=10 (full 2):
 PSYoungGen      total 150528K, used 8650K [0x00000000d5e00000, 0x00000000e0500000, 0x0000000100000000)
  eden space 141824K, 0% used [0x00000000d5e00000,0x00000000d5e00000,0x00000000de880000)
  from space 8704K, 99% used [0x00000000dfc80000,0x00000000e04f2be0,0x00000000e0500000)
  to   space 13312K, 0% used [0x00000000deb00000,0x00000000deb00000,0x00000000df800000)
 ParOldGen       total 103936K, used 20854K [0x0000000081a00000, 0x0000000087f80000, 0x00000000d5e00000)
  object space 103936K, 20% used [0x0000000081a00000,0x0000000082e5da10,0x0000000087f80000)
 Metaspace       used 38280K, capacity 39932K, committed 40152K, reserved 1083392K
  class space    used 4933K, capacity 5286K, committed 5376K, reserved 1048576K
}
Event: 12.169 GC heap before
{Heap before GC invocations=11 (full 2):
 PSYoungGen      total 150528K, used 150474K [0x00000000d5e00000, 0x00000000e0500000, 0x0000000100000000)
  eden space 141824K, 100% used [0x00000000d5e00000,0x00000000de880000,0x00000000de880000)
  from space 8704K, 99% used [0x00000000dfc80000,0x00000000e04f2be0,0x00000000e0500000)
  to   space 13312K, 0% used [0x00000000deb00000,0x00000000deb00000,0x00000000df800000)
 ParOldGen       total 103936K, used 20854K [0x0000000081a00000, 0x0000000087f80000, 0x00000000d5e00000)
  object space 103936K, 20% used [0x0000000081a00000,0x0000000082e5da10,0x0000000087f80000)
 Metaspace       used 45447K, capacity 47760K, committed 48088K, reserved 1091584K
  class space    used 5901K, capacity 6326K, committed 6400K, reserved 1048576K
Event: 12.190 GC heap after
Heap after GC invocations=11 (full 2):
 PSYoungGen      total 157696K, used 13302K [0x00000000d5e00000, 0x00000000e2800000, 0x0000000100000000)
  eden space 144384K, 0% used [0x00000000d5e00000,0x00000000d5e00000,0x00000000deb00000)
  from space 13312K, 99% used [0x00000000deb00000,0x00000000df7fdbd0,0x00000000df800000)
  to   space 16384K, 0% used [0x00000000e1800000,0x00000000e1800000,0x00000000e2800000)
 ParOldGen       total 103936K, used 24763K [0x0000000081a00000, 0x0000000087f80000, 0x00000000d5e00000)
  object space 103936K, 23% used [0x0000000081a00000,0x000000008322eed0,0x0000000087f80000)
 Metaspace       used 45447K, capacity 47760K, committed 48088K, reserved 1091584K
  class space    used 5901K, capacity 6326K, committed 6400K, reserved 1048576K
}
Event: 20.402 GC heap before
{Heap before GC invocations=12 (full 2):
 PSYoungGen      total 157696K, used 157686K [0x00000000d5e00000, 0x00000000e2800000, 0x0000000100000000)
  eden space 144384K, 100% used [0x00000000d5e00000,0x00000000deb00000,0x00000000deb00000)
  from space 13312K, 99% used [0x00000000deb00000,0x00000000df7fdbd0,0x00000000df800000)
  to   space 16384K, 0% used [0x00000000e1800000,0x00000000e1800000,0x00000000e2800000)
 ParOldGen       total 103936K, used 24763K [0x0000000081a00000, 0x0000000087f80000, 0x00000000d5e00000)
  object space 103936K, 23% used [0x0000000081a00000,0x000000008322eed0,0x0000000087f80000)
 Metaspace       used 55636K, capacity 58322K, committed 58584K, reserved 1099776K
  class space    used 7371K, capacity 7835K, committed 7936K, reserved 1048576K
Event: 20.449 GC heap after
Heap after GC invocations=12 (full 2):
 PSYoungGen      total 185344K, used 16355K [0x00000000d5e00000, 0x00000000e3280000, 0x0000000100000000)
  eden space 168960K, 0% used [0x00000000d5e00000,0x00000000d5e00000,0x00000000e0300000)
  from space 16384K, 99% used [0x00000000e1800000,0x00000000e27f8c58,0x00000000e2800000)
  to   space 21504K, 0% used [0x00000000e0300000,0x00000000e0300000,0x00000000e1800000)
 ParOldGen       total 103936K, used 33919K [0x0000000081a00000, 0x0000000087f80000, 0x00000000d5e00000)
  object space 103936K, 32% used [0x0000000081a00000,0x0000000083b1fe60,0x0000000087f80000)
 Metaspace       used 55636K, capacity 58322K, committed 58584K, reserved 1099776K
  class space    used 7371K, capacity 7835K, committed 7936K, reserved 1048576K
}
Event: 20.744 GC heap before
{Heap before GC invocations=13 (full 2):
 PSYoungGen      total 185344K, used 33488K [0x00000000d5e00000, 0x00000000e3280000, 0x0000000100000000)
  eden space 168960K, 10% used [0x00000000d5e00000,0x00000000d6ebb630,0x00000000e0300000)
  from space 16384K, 99% used [0x00000000e1800000,0x00000000e27f8c58,0x00000000e2800000)
  to   space 21504K, 0% used [0x00000000e0300000,0x00000000e0300000,0x00000000e1800000)
 ParOldGen       total 103936K, used 33919K [0x0000000081a00000, 0x0000000087f80000, 0x00000000d5e00000)
  object space 103936K, 32% used [0x0000000081a00000,0x0000000083b1fe60,0x0000000087f80000)
 Metaspace       used 56241K, capacity 58882K, committed 59028K, reserved 1099776K
  class space    used 7466K, capacity 7909K, committed 7936K, reserved 1048576K
Event: 20.796 GC heap after
Heap after GC invocations=13 (full 2):
 PSYoungGen      total 190464K, used 17513K [0x00000000d5e00000, 0x00000000e7600000, 0x0000000100000000)
  eden space 168960K, 0% used [0x00000000d5e00000,0x00000000d5e00000,0x00000000e0300000)
  from space 21504K, 81% used [0x00000000e0300000,0x00000000e141a610,0x00000000e1800000)
  to   space 23040K, 0% used [0x00000000e5f80000,0x00000000e5f80000,0x00000000e7600000)
 ParOldGen       total 103936K, used 33919K [0x0000000081a00000, 0x0000000087f80000, 0x00000000d5e00000)
  object space 103936K, 32% used [0x0000000081a00000,0x0000000083b1fe60,0x0000000087f80000)
 Metaspace       used 56241K, capacity 58882K, committed 59028K, reserved 1099776K
  class space    used 7466K, capacity 7909K, committed 7936K, reserved 1048576K
}
Event: 20.796 GC heap before
{Heap before GC invocations=14 (full 3):
 PSYoungGen      total 190464K, used 17513K [0x00000000d5e00000, 0x00000000e7600000, 0x0000000100000000)
  eden space 168960K, 0% used [0x00000000d5e00000,0x00000000d5e00000,0x00000000e0300000)
  from space 21504K, 81% used [0x00000000e0300000,0x00000000e141a610,0x00000000e1800000)
  to   space 23040K, 0% used [0x00000000e5f80000,0x00000000e5f80000,0x00000000e7600000)
 ParOldGen       total 103936K, used 33919K [0x0000000081a00000, 0x0000000087f80000, 0x00000000d5e00000)
  object space 103936K, 32% used [0x0000000081a00000,0x0000000083b1fe60,0x0000000087f80000)
 Metaspace       used 56241K, capacity 58882K, committed 59028K, reserved 1099776K
  class space    used 7466K, capacity 7909K, committed 7936K, reserved 1048576K
Event: 21.015 GC heap after
Heap after GC invocations=14 (full 3):
 PSYoungGen      total 190464K, used 0K [0x00000000d5e00000, 0x00000000e7600000, 0x0000000100000000)
  eden space 168960K, 0% used [0x00000000d5e00000,0x00000000d5e00000,0x00000000e0300000)
  from space 21504K, 0% used [0x00000000e0300000,0x00000000e0300000,0x00000000e1800000)
  to   space 23040K, 0% used [0x00000000e5f80000,0x00000000e5f80000,0x00000000e7600000)
 ParOldGen       total 139776K, used 41013K [0x0000000081a00000, 0x000000008a280000, 0x00000000d5e00000)
  object space 139776K, 29% used [0x0000000081a00000,0x000000008420d630,0x000000008a280000)
 Metaspace       used 56241K, capacity 58882K, committed 59028K, reserved 1099776K
  class space    used 7466K, capacity 7909K, committed 7936K, reserved 1048576K
}

