# JRE version: Java(TM) SE Runtime Environment (8.0_211-b12) (build 1.8.0_211-b12)
# Java VM: Java HotSpot(TM) 64-Bit Server VM (25.211-b12 mixed mode windows-amd64 compressed oops)
Heap:
 PSYoungGen      total 206336K, used 29716K [0x00000000d5e00000, 0x00000000e3e00000, 0x0000000100000000)
  eden space 186880K, 15% used [0x00000000d5e00000,0x00000000d7b05030,0x00000000e1480000)
  from space 19456K, 0% used [0x00000000e1480000,0x00000000e1480000,0x00000000e2780000)
  to   space 15872K, 0% used [0x00000000e2780000,0x00000000e2780000,0x00000000e3700000)
 ParOldGen       total 109056K, used 39769K [0x0000000081a00000, 0x0000000088480000, 0x00000000d5e00000)
  object space 109056K, 36% used [0x0000000081a00000,0x00000000840d6598,0x0000000088480000)
 Metaspace       used 57184K, capacity 59968K, committed 60120K, reserved 1101824K
  class space    used 7584K, capacity 8068K, committed 8192K, reserved 1048576K
GC Heap History (10 events):
Event: 6.271 GC heap before
{Heap before GC invocations=8 (full 2):
 PSYoungGen      total 152064K, used 13773K [0x00000000d5e00000, 0x00000000e3780000, 0x0000000100000000)
  eden space 138240K, 0% used [0x00000000d5e00000,0x00000000d5e00000,0x00000000de500000)
  from space 13824K, 99% used [0x00000000df480000,0x00000000e01f34a0,0x00000000e0200000)
  to   space 15872K, 0% used [0x00000000de500000,0x00000000de500000,0x00000000df480000)
 ParOldGen       total 70144K, used 19130K [0x0000000081a00000, 0x0000000085e80000, 0x00000000d5e00000)
  object space 70144K, 27% used [0x0000000081a00000,0x0000000082cae920,0x0000000085e80000)
 Metaspace       used 33956K, capacity 35392K, committed 35416K, reserved 1079296K
  class space    used 4403K, capacity 4728K, committed 4736K, reserved 1048576K
Event: 6.370 GC heap after
Heap after GC invocations=8 (full 2):
 PSYoungGen      total 152064K, used 0K [0x00000000d5e00000, 0x00000000e3780000, 0x0000000100000000)
  eden space 138240K, 0% used [0x00000000d5e00000,0x00000000d5e00000,0x00000000de500000)
  from space 13824K, 0% used [0x00000000df480000,0x00000000df480000,0x00000000e0200000)
  to   space 15872K, 0% used [0x00000000de500000,0x00000000de500000,0x00000000df480000)
 ParOldGen       total 109056K, used 19899K [0x0000000081a00000, 0x0000000088480000, 0x00000000d5e00000)
  object space 109056K, 18% used [0x0000000081a00000,0x0000000082d6ee08,0x0000000088480000)
 Metaspace       used 33956K, capacity 35392K, committed 35416K, reserved 1079296K
  class space    used 4403K, capacity 4728K, committed 4736K, reserved 1048576K
}
Event: 8.510 GC heap before
{Heap before GC invocations=9 (full 2):
 PSYoungGen      total 152064K, used 138240K [0x00000000d5e00000, 0x00000000e3780000, 0x0000000100000000)
  eden space 138240K, 100% used [0x00000000d5e00000,0x00000000de500000,0x00000000de500000)
  from space 13824K, 0% used [0x00000000df480000,0x00000000df480000,0x00000000e0200000)
  to   space 15872K, 0% used [0x00000000de500000,0x00000000de500000,0x00000000df480000)
 ParOldGen       total 109056K, used 19899K [0x0000000081a00000, 0x0000000088480000, 0x00000000d5e00000)
  object space 109056K, 18% used [0x0000000081a00000,0x0000000082d6ee08,0x0000000088480000)
 Metaspace       used 39711K, capacity 41414K, committed 41560K, reserved 1085440K
  class space    used 5138K, capacity 5467K, committed 5504K, reserved 1048576K
Event: 8.526 GC heap after
Heap after GC invocations=9 (full 2):
 PSYoungGen      total 154112K, used 10969K [0x00000000d5e00000, 0x00000000e3700000, 0x0000000100000000)
  eden space 138240K, 0% used [0x00000000d5e00000,0x00000000d5e00000,0x00000000de500000)
  from space 15872K, 69% used [0x00000000de500000,0x00000000defb6440,0x00000000df480000)
  to   space 15872K, 0% used [0x00000000e2780000,0x00000000e2780000,0x00000000e3700000)
 ParOldGen       total 109056K, used 19907K [0x0000000081a00000, 0x0000000088480000, 0x00000000d5e00000)
  object space 109056K, 18% used [0x0000000081a00000,0x0000000082d70e08,0x0000000088480000)
 Metaspace       used 39711K, capacity 41414K, committed 41560K, reserved 1085440K
  class space    used 5138K, capacity 5467K, committed 5504K, reserved 1048576K
}
Event: 11.823 GC heap before
{Heap before GC invocations=10 (full 2):
 PSYoungGen      total 154112K, used 149209K [0x00000000d5e00000, 0x00000000e3700000, 0x0000000100000000)
  eden space 138240K, 100% used [0x00000000d5e00000,0x00000000de500000,0x00000000de500000)
  from space 15872K, 69% used [0x00000000de500000,0x00000000defb6440,0x00000000df480000)
  to   space 15872K, 0% used [0x00000000e2780000,0x00000000e2780000,0x00000000e3700000)
 ParOldGen       total 109056K, used 19907K [0x0000000081a00000, 0x0000000088480000, 0x00000000d5e00000)
  object space 109056K, 18% used [0x0000000081a00000,0x0000000082d70e08,0x0000000088480000)
 Metaspace       used 48340K, capacity 50730K, committed 51032K, reserved 1093632K
  class space    used 6284K, capacity 6701K, committed 6784K, reserved 1048576K
Event: 11.865 GC heap after
Heap after GC invocations=10 (full 2):
 PSYoungGen      total 202752K, used 15855K [0x00000000d5e00000, 0x00000000e3e00000, 0x0000000100000000)
  eden space 186880K, 0% used [0x00000000d5e00000,0x00000000d5e00000,0x00000000e1480000)
  from space 15872K, 99% used [0x00000000e2780000,0x00000000e36fbdb8,0x00000000e3700000)
  to   space 19456K, 0% used [0x00000000e1480000,0x00000000e1480000,0x00000000e2780000)
 ParOldGen       total 109056K, used 24293K [0x0000000081a00000, 0x0000000088480000, 0x00000000d5e00000)
  object space 109056K, 22% used [0x0000000081a00000,0x00000000831b9430,0x0000000088480000)
 Metaspace       used 48340K, capacity 50730K, committed 51032K, reserved 1093632K
  class space    used 6284K, capacity 6701K, committed 6784K, reserved 1048576K
}
Event: 16.427 GC heap before
{Heap before GC invocations=11 (full 2):
 PSYoungGen      total 202752K, used 145760K [0x00000000d5e00000, 0x00000000e3e00000, 0x0000000100000000)
  eden space 186880K, 69% used [0x00000000d5e00000,0x00000000ddcdc2a0,0x00000000e1480000)
  from space 15872K, 99% used [0x00000000e2780000,0x00000000e36fbdb8,0x00000000e3700000)
  to   space 19456K, 0% used [0x00000000e1480000,0x00000000e1480000,0x00000000e2780000)
 ParOldGen       total 109056K, used 24293K [0x0000000081a00000, 0x0000000088480000, 0x00000000d5e00000)
  object space 109056K, 22% used [0x0000000081a00000,0x00000000831b9430,0x0000000088480000)
 Metaspace       used 56237K, capacity 58900K, committed 59028K, reserved 1099776K
  class space    used 7464K, capacity 7912K, committed 7936K, reserved 1048576K
Event: 16.470 GC heap after
Heap after GC invocations=11 (full 2):
 PSYoungGen      total 206336K, used 19438K [0x00000000d5e00000, 0x00000000e3e00000, 0x0000000100000000)
  eden space 186880K, 0% used [0x00000000d5e00000,0x00000000d5e00000,0x00000000e1480000)
  from space 19456K, 99% used [0x00000000e1480000,0x00000000e277bbc0,0x00000000e2780000)
  to   space 15872K, 0% used [0x00000000e2780000,0x00000000e2780000,0x00000000e3700000)
 ParOldGen       total 109056K, used 29697K [0x0000000081a00000, 0x0000000088480000, 0x00000000d5e00000)
  object space 109056K, 27% used [0x0000000081a00000,0x0000000083700408,0x0000000088480000)
 Metaspace       used 56237K, capacity 58900K, committed 59028K, reserved 1099776K
  class space    used 7464K, capacity 7912K, committed 7936K, reserved 1048576K
}
Event: 16.470 GC heap before
{Heap before GC invocations=12 (full 3):
 PSYoungGen      total 206336K, used 19438K [0x00000000d5e00000, 0x00000000e3e00000, 0x0000000100000000)
  eden space 186880K, 0% used [0x00000000d5e00000,0x00000000d5e00000,0x00000000e1480000)
  from space 19456K, 99% used [0x00000000e1480000,0x00000000e277bbc0,0x00000000e2780000)
  to   space 15872K, 0% used [0x00000000e2780000,0x00000000e2780000,0x00000000e3700000)
 ParOldGen       total 109056K, used 29697K [0x0000000081a00000, 0x0000000088480000, 0x00000000d5e00000)
  object space 109056K, 27% used [0x0000000081a00000,0x0000000083700408,0x0000000088480000)
 Metaspace       used 56237K, capacity 58900K, committed 59028K, reserved 1099776K
  class space    used 7464K, capacity 7912K, committed 7936K, reserved 1048576K
Event: 16.747 GC heap after
Heap after GC invocations=12 (full 3):
 PSYoungGen      total 206336K, used 0K [0x00000000d5e00000, 0x00000000e3e00000, 0x0000000100000000)
  eden space 186880K, 0% used [0x00000000d5e00000,0x00000000d5e00000,0x00000000e1480000)
  from space 19456K, 0% used [0x00000000e1480000,0x00000000e1480000,0x00000000e2780000)
  to   space 15872K, 0% used [0x00000000e2780000,0x00000000e2780000,0x00000000e3700000)
 ParOldGen       total 109056K, used 39769K [0x0000000081a00000, 0x0000000088480000, 0x00000000d5e00000)
  object space 109056K, 36% used [0x0000000081a00000,0x00000000840d6598,0x0000000088480000)
 Metaspace       used 56237K, capacity 58900K, committed 59028K, reserved 1099776K
  class space    used 7464K, capacity 7912K, committed 7936K, reserved 1048576K
}

