# JRE version: Java(TM) SE Runtime Environment (8.0_211-b12) (build 1.8.0_211-b12)
# Java VM: Java HotSpot(TM) 64-Bit Server VM (25.211-b12 mixed mode windows-amd64 compressed oops)
Heap:
 PSYoungGen      total 406016K, used 37188K [0x00000000d5e00000, 0x00000000f0680000, 0x0000000100000000)
  eden space 393216K, 9% used [0x00000000d5e00000,0x00000000d8251350,0x00000000ede00000)
  from space 12800K, 0% used [0x00000000efa00000,0x00000000efa00000,0x00000000f0680000)
  to   space 16896K, 0% used [0x00000000ee580000,0x00000000ee580000,0x00000000ef600000)
 ParOldGen       total 116224K, used 36460K [0x0000000081a00000, 0x0000000088b80000, 0x00000000d5e00000)
  object space 116224K, 31% used [0x0000000081a00000,0x0000000083d9b2d8,0x0000000088b80000)
 Metaspace       used 59388K, capacity 61738K, committed 61912K, reserved 1103872K
  class space    used 7744K, capacity 8143K, committed 8192K, reserved 1048576K
GC Heap History (10 events):
Event: 8.845 GC heap before
{Heap before GC invocations=11 (full 2):
 PSYoungGen      total 237056K, used 11232K [0x00000000d5e00000, 0x00000000ea580000, 0x0000000100000000)
  eden space 225792K, 0% used [0x00000000d5e00000,0x00000000d5e00000,0x00000000e3a80000)
  from space 11264K, 99% used [0x00000000e3a80000,0x00000000e4578070,0x00000000e4580000)
  to   space 13312K, 0% used [0x00000000e9880000,0x00000000e9880000,0x00000000ea580000)
 ParOldGen       total 50176K, used 8667K [0x0000000081a00000, 0x0000000084b00000, 0x00000000d5e00000)
  object space 50176K, 17% used [0x0000000081a00000,0x0000000082276da0,0x0000000084b00000)
 Metaspace       used 33982K, capacity 35358K, committed 35416K, reserved 1079296K
  class space    used 4413K, capacity 4697K, committed 4736K, reserved 1048576K
Event: 8.968 GC heap after
Heap after GC invocations=11 (full 2):
 PSYoungGen      total 237056K, used 0K [0x00000000d5e00000, 0x00000000ea580000, 0x0000000100000000)
  eden space 225792K, 0% used [0x00000000d5e00000,0x00000000d5e00000,0x00000000e3a80000)
  from space 11264K, 0% used [0x00000000e3a80000,0x00000000e3a80000,0x00000000e4580000)
  to   space 13312K, 0% used [0x00000000e9880000,0x00000000e9880000,0x00000000ea580000)
 ParOldGen       total 77312K, used 17401K [0x0000000081a00000, 0x0000000086580000, 0x00000000d5e00000)
  object space 77312K, 22% used [0x0000000081a00000,0x0000000082afe438,0x0000000086580000)
 Metaspace       used 33982K, capacity 35358K, committed 35416K, reserved 1079296K
  class space    used 4413K, capacity 4697K, committed 4736K, reserved 1048576K
}
Event: 14.773 GC heap before
{Heap before GC invocations=12 (full 2):
 PSYoungGen      total 237056K, used 225792K [0x00000000d5e00000, 0x00000000ea580000, 0x0000000100000000)
  eden space 225792K, 100% used [0x00000000d5e00000,0x00000000e3a80000,0x00000000e3a80000)
  from space 11264K, 0% used [0x00000000e3a80000,0x00000000e3a80000,0x00000000e4580000)
  to   space 13312K, 0% used [0x00000000e9880000,0x00000000e9880000,0x00000000ea580000)
 ParOldGen       total 77312K, used 17401K [0x0000000081a00000, 0x0000000086580000, 0x00000000d5e00000)
  object space 77312K, 22% used [0x0000000081a00000,0x0000000082afe438,0x0000000086580000)
 Metaspace       used 39452K, capacity 41184K, committed 41304K, reserved 1085440K
  class space    used 5127K, capacity 5448K, committed 5504K, reserved 1048576K
Event: 14.793 GC heap after
Heap after GC invocations=12 (full 2):
 PSYoungGen      total 318976K, used 12411K [0x00000000d5e00000, 0x00000000ea580000, 0x0000000100000000)
  eden space 305664K, 0% used [0x00000000d5e00000,0x00000000d5e00000,0x00000000e8880000)
  from space 13312K, 93% used [0x00000000e9880000,0x00000000ea49ef20,0x00000000ea580000)
  to   space 14848K, 0% used [0x00000000e8880000,0x00000000e8880000,0x00000000e9700000)
 ParOldGen       total 77312K, used 17409K [0x0000000081a00000, 0x0000000086580000, 0x00000000d5e00000)
  object space 77312K, 22% used [0x0000000081a00000,0x0000000082b00438,0x0000000086580000)
 Metaspace       used 39452K, capacity 41184K, committed 41304K, reserved 1085440K
  class space    used 5127K, capacity 5448K, committed 5504K, reserved 1048576K
}
Event: 18.418 GC heap before
{Heap before GC invocations=13 (full 2):
 PSYoungGen      total 318976K, used 318075K [0x00000000d5e00000, 0x00000000ea580000, 0x0000000100000000)
  eden space 305664K, 100% used [0x00000000d5e00000,0x00000000e8880000,0x00000000e8880000)
  from space 13312K, 93% used [0x00000000e9880000,0x00000000ea49ef20,0x00000000ea580000)
  to   space 14848K, 0% used [0x00000000e8880000,0x00000000e8880000,0x00000000e9700000)
 ParOldGen       total 77312K, used 17409K [0x0000000081a00000, 0x0000000086580000, 0x00000000d5e00000)
  object space 77312K, 22% used [0x0000000081a00000,0x0000000082b00438,0x0000000086580000)
 Metaspace       used 46569K, capacity 48796K, committed 48984K, reserved 1091584K
  class space    used 6116K, capacity 6510K, committed 6528K, reserved 1048576K
Event: 18.453 GC heap after
Heap after GC invocations=13 (full 2):
 PSYoungGen      total 320512K, used 13457K [0x00000000d5e00000, 0x00000000f0a00000, 0x0000000100000000)
  eden space 305664K, 0% used [0x00000000d5e00000,0x00000000d5e00000,0x00000000e8880000)
  from space 14848K, 90% used [0x00000000e8880000,0x00000000e95a47b0,0x00000000e9700000)
  to   space 16384K, 0% used [0x00000000efa00000,0x00000000efa00000,0x00000000f0a00000)
 ParOldGen       total 77312K, used 26347K [0x0000000081a00000, 0x0000000086580000, 0x00000000d5e00000)
  object space 77312K, 34% used [0x0000000081a00000,0x00000000833bad70,0x0000000086580000)
 Metaspace       used 46569K, capacity 48796K, committed 48984K, reserved 1091584K
  class space    used 6116K, capacity 6510K, committed 6528K, reserved 1048576K
}
Event: 64.152 GC heap before
{Heap before GC invocations=14 (full 2):
 PSYoungGen      total 320512K, used 199197K [0x00000000d5e00000, 0x00000000f0a00000, 0x0000000100000000)
  eden space 305664K, 60% used [0x00000000d5e00000,0x00000000e1362fd8,0x00000000e8880000)
  from space 14848K, 90% used [0x00000000e8880000,0x00000000e95a47b0,0x00000000e9700000)
  to   space 16384K, 0% used [0x00000000efa00000,0x00000000efa00000,0x00000000f0a00000)
 ParOldGen       total 77312K, used 26347K [0x0000000081a00000, 0x0000000086580000, 0x00000000d5e00000)
  object space 77312K, 34% used [0x0000000081a00000,0x00000000833bad70,0x0000000086580000)
 Metaspace       used 56652K, capacity 58928K, committed 59028K, reserved 1099776K
  class space    used 7496K, capacity 7902K, committed 7936K, reserved 1048576K
Event: 64.212 GC heap after
Heap after GC invocations=14 (full 2):
 PSYoungGen      total 406016K, used 12530K [0x00000000d5e00000, 0x00000000f0680000, 0x0000000100000000)
  eden space 393216K, 0% used [0x00000000d5e00000,0x00000000d5e00000,0x00000000ede00000)
  from space 12800K, 97% used [0x00000000efa00000,0x00000000f063c928,0x00000000f0680000)
  to   space 16896K, 0% used [0x00000000ee580000,0x00000000ee580000,0x00000000ef600000)
 ParOldGen       total 77312K, used 32323K [0x0000000081a00000, 0x0000000086580000, 0x00000000d5e00000)
  object space 77312K, 41% used [0x0000000081a00000,0x0000000083990df8,0x0000000086580000)
 Metaspace       used 56652K, capacity 58928K, committed 59028K, reserved 1099776K
  class space    used 7496K, capacity 7902K, committed 7936K, reserved 1048576K
}
Event: 64.212 GC heap before
{Heap before GC invocations=15 (full 3):
 PSYoungGen      total 406016K, used 12530K [0x00000000d5e00000, 0x00000000f0680000, 0x0000000100000000)
  eden space 393216K, 0% used [0x00000000d5e00000,0x00000000d5e00000,0x00000000ede00000)
  from space 12800K, 97% used [0x00000000efa00000,0x00000000f063c928,0x00000000f0680000)
  to   space 16896K, 0% used [0x00000000ee580000,0x00000000ee580000,0x00000000ef600000)
 ParOldGen       total 77312K, used 32323K [0x0000000081a00000, 0x0000000086580000, 0x00000000d5e00000)
  object space 77312K, 41% used [0x0000000081a00000,0x0000000083990df8,0x0000000086580000)
 Metaspace       used 56652K, capacity 58928K, committed 59028K, reserved 1099776K
  class space    used 7496K, capacity 7902K, committed 7936K, reserved 1048576K
Event: 64.505 GC heap after
Heap after GC invocations=15 (full 3):
 PSYoungGen      total 406016K, used 0K [0x00000000d5e00000, 0x00000000f0680000, 0x0000000100000000)
  eden space 393216K, 0% used [0x00000000d5e00000,0x00000000d5e00000,0x00000000ede00000)
  from space 12800K, 0% used [0x00000000efa00000,0x00000000efa00000,0x00000000f0680000)
  to   space 16896K, 0% used [0x00000000ee580000,0x00000000ee580000,0x00000000ef600000)
 ParOldGen       total 116224K, used 36460K [0x0000000081a00000, 0x0000000088b80000, 0x00000000d5e00000)
  object space 116224K, 31% used [0x0000000081a00000,0x0000000083d9b2d8,0x0000000088b80000)
 Metaspace       used 56652K, capacity 58928K, committed 59028K, reserved 1099776K
  class space    used 7496K, capacity 7902K, committed 7936K, reserved 1048576K
}

