# JRE version: Java(TM) SE Runtime Environment (8.0_211-b12) (build 1.8.0_211-b12)
# Java VM: Java HotSpot(TM) 64-Bit Server VM (25.211-b12 mixed mode windows-amd64 compressed oops)
Heap:
 PSYoungGen      total 144896K, used 12775K [0x00000000d5e00000, 0x00000000df900000, 0x0000000100000000)
  eden space 132096K, 0% used [0x00000000d5e00000,0x00000000d5e00000,0x00000000ddf00000)
  from space 12800K, 99% used [0x00000000ddf00000,0x00000000deb79eb8,0x00000000deb80000)
  to   space 11776K, 0% used [0x00000000deb80000,0x00000000deb80000,0x00000000df700000)
 ParOldGen       total 87552K, used 21555K [0x0000000081a00000, 0x0000000086f80000, 0x00000000d5e00000)
  object space 87552K, 24% used [0x0000000081a00000,0x0000000082f0cf28,0x0000000086f80000)
 Metaspace       used 20832K, capacity 21274K, committed 21296K, reserved 1069056K
  class space    used 2474K, capacity 2587K, committed 2608K, reserved 1048576K
GC Heap History (10 events):
Event: 8.514 GC heap after
Heap after GC invocations=3 (full 0):
 PSYoungGen      total 38400K, used 5112K [0x00000000d5e00000, 0x00000000da900000, 0x0000000100000000)
  eden space 33280K, 0% used [0x00000000d5e00000,0x00000000d5e00000,0x00000000d7e80000)
  from space 5120K, 99% used [0x00000000d7e80000,0x00000000d837e030,0x00000000d8380000)
  to   space 5120K, 0% used [0x00000000da400000,0x00000000da400000,0x00000000da900000)
 ParOldGen       total 87552K, used 6046K [0x0000000081a00000, 0x0000000086f80000, 0x00000000d5e00000)
  object space 87552K, 6% used [0x0000000081a00000,0x0000000081fe79d8,0x0000000086f80000)
 Metaspace       used 14988K, capacity 15284K, committed 15616K, reserved 1062912K
  class space    used 1840K, capacity 1944K, committed 2048K, reserved 1048576K
}
Event: 9.043 GC heap before
{Heap before GC invocations=4 (full 0):
 PSYoungGen      total 38400K, used 38392K [0x00000000d5e00000, 0x00000000da900000, 0x0000000100000000)
  eden space 33280K, 100% used [0x00000000d5e00000,0x00000000d7e80000,0x00000000d7e80000)
  from space 5120K, 99% used [0x00000000d7e80000,0x00000000d837e030,0x00000000d8380000)
  to   space 5120K, 0% used [0x00000000da400000,0x00000000da400000,0x00000000da900000)
 ParOldGen       total 87552K, used 6046K [0x0000000081a00000, 0x0000000086f80000, 0x00000000d5e00000)
  object space 87552K, 6% used [0x0000000081a00000,0x0000000081fe79d8,0x0000000086f80000)
 Metaspace       used 15378K, capacity 15642K, committed 15872K, reserved 1062912K
  class space    used 1862K, capacity 1977K, committed 2048K, reserved 1048576K
Event: 9.058 GC heap after
Heap after GC invocations=4 (full 0):
 PSYoungGen      total 71680K, used 5104K [0x00000000d5e00000, 0x00000000da900000, 0x0000000100000000)
  eden space 66560K, 0% used [0x00000000d5e00000,0x00000000d5e00000,0x00000000d9f00000)
  from space 5120K, 99% used [0x00000000da400000,0x00000000da8fc010,0x00000000da900000)
  to   space 5120K, 0% used [0x00000000d9f00000,0x00000000d9f00000,0x00000000da400000)
 ParOldGen       total 87552K, used 9836K [0x0000000081a00000, 0x0000000086f80000, 0x00000000d5e00000)
  object space 87552K, 11% used [0x0000000081a00000,0x000000008239b188,0x0000000086f80000)
 Metaspace       used 15378K, capacity 15642K, committed 15872K, reserved 1062912K
  class space    used 1862K, capacity 1977K, committed 2048K, reserved 1048576K
}
Event: 9.675 GC heap before
{Heap before GC invocations=5 (full 0):
 PSYoungGen      total 71680K, used 71664K [0x00000000d5e00000, 0x00000000da900000, 0x0000000100000000)
  eden space 66560K, 100% used [0x00000000d5e00000,0x00000000d9f00000,0x00000000d9f00000)
  from space 5120K, 99% used [0x00000000da400000,0x00000000da8fc010,0x00000000da900000)
  to   space 5120K, 0% used [0x00000000d9f00000,0x00000000d9f00000,0x00000000da400000)
 ParOldGen       total 87552K, used 9836K [0x0000000081a00000, 0x0000000086f80000, 0x00000000d5e00000)
  object space 87552K, 11% used [0x0000000081a00000,0x000000008239b188,0x0000000086f80000)
 Metaspace       used 15867K, capacity 16190K, committed 16384K, reserved 1062912K
  class space    used 1881K, capacity 1983K, committed 2048K, reserved 1048576K
Event: 9.697 GC heap after
Heap after GC invocations=5 (full 0):
 PSYoungGen      total 71680K, used 5104K [0x00000000d5e00000, 0x00000000df700000, 0x0000000100000000)
  eden space 66560K, 0% used [0x00000000d5e00000,0x00000000d5e00000,0x00000000d9f00000)
  from space 5120K, 99% used [0x00000000d9f00000,0x00000000da3fc010,0x00000000da400000)
  to   space 11776K, 0% used [0x00000000deb80000,0x00000000deb80000,0x00000000df700000)
 ParOldGen       total 87552K, used 14922K [0x0000000081a00000, 0x0000000086f80000, 0x00000000d5e00000)
  object space 87552K, 17% used [0x0000000081a00000,0x00000000828928e0,0x0000000086f80000)
 Metaspace       used 15867K, capacity 16190K, committed 16384K, reserved 1062912K
  class space    used 1881K, capacity 1983K, committed 2048K, reserved 1048576K
}
Event: 10.091 GC heap before
{Heap before GC invocations=6 (full 0):
 PSYoungGen      total 71680K, used 71664K [0x00000000d5e00000, 0x00000000df700000, 0x0000000100000000)
  eden space 66560K, 100% used [0x00000000d5e00000,0x00000000d9f00000,0x00000000d9f00000)
  from space 5120K, 99% used [0x00000000d9f00000,0x00000000da3fc010,0x00000000da400000)
  to   space 11776K, 0% used [0x00000000deb80000,0x00000000deb80000,0x00000000df700000)
 ParOldGen       total 87552K, used 14922K [0x0000000081a00000, 0x0000000086f80000, 0x00000000d5e00000)
  object space 87552K, 17% used [0x0000000081a00000,0x00000000828928e0,0x0000000086f80000)
 Metaspace       used 16079K, capacity 16400K, committed 16640K, reserved 1064960K
  class space    used 1883K, capacity 1986K, committed 2048K, reserved 1048576K
Event: 10.110 GC heap after
Heap after GC invocations=6 (full 0):
 PSYoungGen      total 143872K, used 10768K [0x00000000d5e00000, 0x00000000df900000, 0x0000000100000000)
  eden space 132096K, 0% used [0x00000000d5e00000,0x00000000d5e00000,0x00000000ddf00000)
  from space 11776K, 91% used [0x00000000deb80000,0x00000000df604010,0x00000000df700000)
  to   space 12800K, 0% used [0x00000000ddf00000,0x00000000ddf00000,0x00000000deb80000)
 ParOldGen       total 87552K, used 14930K [0x0000000081a00000, 0x0000000086f80000, 0x00000000d5e00000)
  object space 87552K, 17% used [0x0000000081a00000,0x00000000828948e0,0x0000000086f80000)
 Metaspace       used 16079K, capacity 16400K, committed 16640K, reserved 1064960K
  class space    used 1883K, capacity 1986K, committed 2048K, reserved 1048576K
}
Event: 11.849 GC heap before
{Heap before GC invocations=7 (full 0):
 PSYoungGen      total 143872K, used 126337K [0x00000000d5e00000, 0x00000000df900000, 0x0000000100000000)
  eden space 132096K, 87% used [0x00000000d5e00000,0x00000000dcedc400,0x00000000ddf00000)
  from space 11776K, 91% used [0x00000000deb80000,0x00000000df604010,0x00000000df700000)
  to   space 12800K, 0% used [0x00000000ddf00000,0x00000000ddf00000,0x00000000deb80000)
 ParOldGen       total 87552K, used 14930K [0x0000000081a00000, 0x0000000086f80000, 0x00000000d5e00000)
  object space 87552K, 17% used [0x0000000081a00000,0x00000000828948e0,0x0000000086f80000)
 Metaspace       used 20832K, capacity 21274K, committed 21296K, reserved 1069056K
  class space    used 2474K, capacity 2587K, committed 2608K, reserved 1048576K
Event: 11.887 GC heap after
Heap after GC invocations=7 (full 0):
 PSYoungGen      total 144896K, used 12775K [0x00000000d5e00000, 0x00000000df900000, 0x0000000100000000)
  eden space 132096K, 0% used [0x00000000d5e00000,0x00000000d5e00000,0x00000000ddf00000)
  from space 12800K, 99% used [0x00000000ddf00000,0x00000000deb79eb8,0x00000000deb80000)
  to   space 11776K, 0% used [0x00000000deb80000,0x00000000deb80000,0x00000000df700000)
 ParOldGen       total 87552K, used 21555K [0x0000000081a00000, 0x0000000086f80000, 0x00000000d5e00000)
  object space 87552K, 24% used [0x0000000081a00000,0x0000000082f0cf28,0x0000000086f80000)
 Metaspace       used 20832K, capacity 21274K, committed 21296K, reserved 1069056K
  class space    used 2474K, capacity 2587K, committed 2608K, reserved 1048576K
}
Event: 11.887 GC heap before
{Heap before GC invocations=8 (full 1):
 PSYoungGen      total 144896K, used 12775K [0x00000000d5e00000, 0x00000000df900000, 0x0000000100000000)
  eden space 132096K, 0% used [0x00000000d5e00000,0x00000000d5e00000,0x00000000ddf00000)
  from space 12800K, 99% used [0x00000000ddf00000,0x00000000deb79eb8,0x00000000deb80000)
  to   space 11776K, 0% used [0x00000000deb80000,0x00000000deb80000,0x00000000df700000)
 ParOldGen       total 87552K, used 21555K [0x0000000081a00000, 0x0000000086f80000, 0x00000000d5e00000)
  object space 87552K, 24% used [0x0000000081a00000,0x0000000082f0cf28,0x0000000086f80000)
 Metaspace       used 20832K, capacity 21274K, committed 21296K, reserved 1069056K
  class space    used 2474K, capacity 2587K, committed 2608K, reserved 1048576K

