# JRE version: Java(TM) SE Runtime Environment (8.0_211-b12) (build 1.8.0_211-b12)
# Java VM: Java HotSpot(TM) 64-Bit Server VM (25.211-b12 mixed mode windows-amd64 compressed oops)
Heap:
 PSYoungGen      total 496128K, used 149729K [0x00000000d5e00000, 0x00000000f5e80000, 0x0000000100000000)
  eden space 476160K, 31% used [0x00000000d5e00000,0x00000000df038660,0x00000000f2f00000)
  from space 19968K, 0% used [0x00000000f4300000,0x00000000f4300000,0x00000000f5680000)
  to   space 20480K, 0% used [0x00000000f2f00000,0x00000000f2f00000,0x00000000f4300000)
 ParOldGen       total 114688K, used 44465K [0x0000000081a00000, 0x0000000088a00000, 0x00000000d5e00000)
  object space 114688K, 38% used [0x0000000081a00000,0x000000008456c4c8,0x0000000088a00000)
 Metaspace       used 65964K, capacity 68476K, committed 68608K, reserved 1107968K
  class space    used 8707K, capacity 9146K, committed 9216K, reserved 1048576K
GC Heap History (10 events):
Event: 21.015 GC heap before
{Heap before GC invocations=11 (full 2):
 PSYoungGen      total 242176K, used 9448K [0x00000000d5e00000, 0x00000000ec580000, 0x0000000100000000)
  eden space 230400K, 0% used [0x00000000d5e00000,0x00000000d5e00000,0x00000000e3f00000)
  from space 11776K, 80% used [0x00000000e3f00000,0x00000000e483a0b0,0x00000000e4a80000)
  to   space 12288K, 0% used [0x00000000eb980000,0x00000000eb980000,0x00000000ec580000)
 ParOldGen       total 50176K, used 11654K [0x0000000081a00000, 0x0000000084b00000, 0x00000000d5e00000)
  object space 50176K, 23% used [0x0000000081a00000,0x0000000082561b78,0x0000000084b00000)
 Metaspace       used 34280K, capacity 35368K, committed 35416K, reserved 1081344K
  class space    used 4380K, capacity 4596K, committed 4608K, reserved 1048576K
Event: 21.117 GC heap after
Heap after GC invocations=11 (full 2):
 PSYoungGen      total 242176K, used 0K [0x00000000d5e00000, 0x00000000ec580000, 0x0000000100000000)
  eden space 230400K, 0% used [0x00000000d5e00000,0x00000000d5e00000,0x00000000e3f00000)
  from space 11776K, 0% used [0x00000000e3f00000,0x00000000e3f00000,0x00000000e4a80000)
  to   space 12288K, 0% used [0x00000000eb980000,0x00000000eb980000,0x00000000ec580000)
 ParOldGen       total 66560K, used 15343K [0x0000000081a00000, 0x0000000085b00000, 0x00000000d5e00000)
  object space 66560K, 23% used [0x0000000081a00000,0x00000000828fbc70,0x0000000085b00000)
 Metaspace       used 34280K, capacity 35368K, committed 35416K, reserved 1081344K
  class space    used 4380K, capacity 4596K, committed 4608K, reserved 1048576K
}
Event: 24.938 GC heap before
{Heap before GC invocations=12 (full 2):
 PSYoungGen      total 242176K, used 230400K [0x00000000d5e00000, 0x00000000ec580000, 0x0000000100000000)
  eden space 230400K, 100% used [0x00000000d5e00000,0x00000000e3f00000,0x00000000e3f00000)
  from space 11776K, 0% used [0x00000000e3f00000,0x00000000e3f00000,0x00000000e4a80000)
  to   space 12288K, 0% used [0x00000000eb980000,0x00000000eb980000,0x00000000ec580000)
 ParOldGen       total 66560K, used 15343K [0x0000000081a00000, 0x0000000085b00000, 0x00000000d5e00000)
  object space 66560K, 23% used [0x0000000081a00000,0x00000000828fbc70,0x0000000085b00000)
 Metaspace       used 40378K, capacity 42088K, committed 42240K, reserved 1085440K
  class space    used 5199K, capacity 5524K, committed 5632K, reserved 1048576K
Event: 24.964 GC heap after
Heap after GC invocations=12 (full 2):
 PSYoungGen      total 343552K, used 12286K [0x00000000d5e00000, 0x00000000ec580000, 0x0000000100000000)
  eden space 331264K, 0% used [0x00000000d5e00000,0x00000000d5e00000,0x00000000ea180000)
  from space 12288K, 99% used [0x00000000eb980000,0x00000000ec57f9c8,0x00000000ec580000)
  to   space 14336K, 0% used [0x00000000ea980000,0x00000000ea980000,0x00000000eb780000)
 ParOldGen       total 66560K, used 16952K [0x0000000081a00000, 0x0000000085b00000, 0x00000000d5e00000)
  object space 66560K, 25% used [0x0000000081a00000,0x0000000082a8e358,0x0000000085b00000)
 Metaspace       used 40378K, capacity 42088K, committed 42240K, reserved 1085440K
  class space    used 5199K, capacity 5524K, committed 5632K, reserved 1048576K
}
Event: 28.548 GC heap before
{Heap before GC invocations=13 (full 2):
 PSYoungGen      total 343552K, used 343550K [0x00000000d5e00000, 0x00000000ec580000, 0x0000000100000000)
  eden space 331264K, 100% used [0x00000000d5e00000,0x00000000ea180000,0x00000000ea180000)
  from space 12288K, 99% used [0x00000000eb980000,0x00000000ec57f9c8,0x00000000ec580000)
  to   space 14336K, 0% used [0x00000000ea980000,0x00000000ea980000,0x00000000eb780000)
 ParOldGen       total 66560K, used 16952K [0x0000000081a00000, 0x0000000085b00000, 0x00000000d5e00000)
  object space 66560K, 25% used [0x0000000081a00000,0x0000000082a8e358,0x0000000085b00000)
 Metaspace       used 50262K, capacity 52284K, committed 52608K, reserved 1095680K
  class space    used 6619K, capacity 7008K, committed 7040K, reserved 1048576K
Event: 28.620 GC heap after
Heap after GC invocations=13 (full 2):
 PSYoungGen      total 353792K, used 14321K [0x00000000d5e00000, 0x00000000f5680000, 0x0000000100000000)
  eden space 339456K, 0% used [0x00000000d5e00000,0x00000000d5e00000,0x00000000ea980000)
  from space 14336K, 99% used [0x00000000ea980000,0x00000000eb77c470,0x00000000eb780000)
  to   space 19968K, 0% used [0x00000000f4300000,0x00000000f4300000,0x00000000f5680000)
 ParOldGen       total 66560K, used 27790K [0x0000000081a00000, 0x0000000085b00000, 0x00000000d5e00000)
  object space 66560K, 41% used [0x0000000081a00000,0x0000000083523868,0x0000000085b00000)
 Metaspace       used 50262K, capacity 52284K, committed 52608K, reserved 1095680K
  class space    used 6619K, capacity 7008K, committed 7040K, reserved 1048576K
}
Event: 31.557 GC heap before
{Heap before GC invocations=14 (full 2):
 PSYoungGen      total 353792K, used 304292K [0x00000000d5e00000, 0x00000000f5680000, 0x0000000100000000)
  eden space 339456K, 85% used [0x00000000d5e00000,0x00000000e792cd60,0x00000000ea980000)
  from space 14336K, 99% used [0x00000000ea980000,0x00000000eb77c470,0x00000000eb780000)
  to   space 19968K, 0% used [0x00000000f4300000,0x00000000f4300000,0x00000000f5680000)
 ParOldGen       total 66560K, used 27790K [0x0000000081a00000, 0x0000000085b00000, 0x00000000d5e00000)
  object space 66560K, 41% used [0x0000000081a00000,0x0000000083523868,0x0000000085b00000)
 Metaspace       used 56639K, capacity 59008K, committed 59028K, reserved 1099776K
  class space    used 7486K, capacity 7922K, committed 7936K, reserved 1048576K
Event: 31.593 GC heap after
Heap after GC invocations=14 (full 2):
 PSYoungGen      total 496128K, used 13138K [0x00000000d5e00000, 0x00000000f5e80000, 0x0000000100000000)
  eden space 476160K, 0% used [0x00000000d5e00000,0x00000000d5e00000,0x00000000f2f00000)
  from space 19968K, 65% used [0x00000000f4300000,0x00000000f4fd4a20,0x00000000f5680000)
  to   space 20480K, 0% used [0x00000000f2f00000,0x00000000f2f00000,0x00000000f4300000)
 ParOldGen       total 66560K, used 36182K [0x0000000081a00000, 0x0000000085b00000, 0x00000000d5e00000)
  object space 66560K, 54% used [0x0000000081a00000,0x0000000083d558e8,0x0000000085b00000)
 Metaspace       used 56639K, capacity 59008K, committed 59028K, reserved 1099776K
  class space    used 7486K, capacity 7922K, committed 7936K, reserved 1048576K
}
Event: 31.593 GC heap before
{Heap before GC invocations=15 (full 3):
 PSYoungGen      total 496128K, used 13138K [0x00000000d5e00000, 0x00000000f5e80000, 0x0000000100000000)
  eden space 476160K, 0% used [0x00000000d5e00000,0x00000000d5e00000,0x00000000f2f00000)
  from space 19968K, 65% used [0x00000000f4300000,0x00000000f4fd4a20,0x00000000f5680000)
  to   space 20480K, 0% used [0x00000000f2f00000,0x00000000f2f00000,0x00000000f4300000)
 ParOldGen       total 66560K, used 36182K [0x0000000081a00000, 0x0000000085b00000, 0x00000000d5e00000)
  object space 66560K, 54% used [0x0000000081a00000,0x0000000083d558e8,0x0000000085b00000)
 Metaspace       used 56639K, capacity 59008K, committed 59028K, reserved 1099776K
  class space    used 7486K, capacity 7922K, committed 7936K, reserved 1048576K
Event: 31.945 GC heap after
Heap after GC invocations=15 (full 3):
 PSYoungGen      total 496128K, used 0K [0x00000000d5e00000, 0x00000000f5e80000, 0x0000000100000000)
  eden space 476160K, 0% used [0x00000000d5e00000,0x00000000d5e00000,0x00000000f2f00000)
  from space 19968K, 0% used [0x00000000f4300000,0x00000000f4300000,0x00000000f5680000)
  to   space 20480K, 0% used [0x00000000f2f00000,0x00000000f2f00000,0x00000000f4300000)
 ParOldGen       total 114688K, used 44465K [0x0000000081a00000, 0x0000000088a00000, 0x00000000d5e00000)
  object space 114688K, 38% used [0x0000000081a00000,0x000000008456c4c8,0x0000000088a00000)
 Metaspace       used 56639K, capacity 59008K, committed 59028K, reserved 1099776K
  class space    used 7486K, capacity 7922K, committed 7936K, reserved 1048576K
}

