# JRE version: Java(TM) SE Runtime Environment (8.0_211-b12) (build 1.8.0_211-b12)
# Java VM: Java HotSpot(TM) 64-Bit Server VM (25.211-b12 mixed mode windows-amd64 compressed oops)
Heap:
 PSYoungGen      total 264704K, used 174032K [0x00000000d5e00000, 0x00000000e7e80000, 0x0000000100000000)
  eden space 251904K, 64% used [0x00000000d5e00000,0x00000000dfb9d5e0,0x00000000e5400000)
  from space 12800K, 98% used [0x00000000e7200000,0x00000000e7e56be8,0x00000000e7e80000)
  to   space 14336K, 0% used [0x00000000e6280000,0x00000000e6280000,0x00000000e7080000)
 ParOldGen       total 76800K, used 15886K [0x0000000081a00000, 0x0000000086500000, 0x00000000d5e00000)
  object space 76800K, 20% used [0x0000000081a00000,0x0000000082983ba8,0x0000000086500000)
 Metaspace       used 44625K, capacity 46556K, committed 46680K, reserved 1089536K
  class space    used 5771K, capacity 6126K, committed 6232K, reserved 1048576K
GC Heap History (10 events):
Event: 10.872 GC heap before
{Heap before GC invocations=8 (full 1):
 PSYoungGen      total 118272K, used 117872K [0x00000000d5e00000, 0x00000000ded80000, 0x0000000100000000)
  eden space 113152K, 100% used [0x00000000d5e00000,0x00000000dcc80000,0x00000000dcc80000)
  from space 5120K, 92% used [0x00000000de880000,0x00000000ded1c310,0x00000000ded80000)
  to   space 8192K, 0% used [0x00000000ddd80000,0x00000000ddd80000,0x00000000de580000)
 ParOldGen       total 50688K, used 5545K [0x0000000081a00000, 0x0000000084b80000, 0x00000000d5e00000)
  object space 50688K, 10% used [0x0000000081a00000,0x0000000081f6a478,0x0000000084b80000)
 Metaspace       used 28581K, capacity 29600K, committed 29824K, reserved 1075200K
  class space    used 3675K, capacity 3912K, committed 3968K, reserved 1048576K
Event: 10.898 GC heap after
Heap after GC invocations=8 (full 1):
 PSYoungGen      total 138752K, used 8178K [0x00000000d5e00000, 0x00000000e2980000, 0x0000000100000000)
  eden space 130560K, 0% used [0x00000000d5e00000,0x00000000d5e00000,0x00000000ddd80000)
  from space 8192K, 99% used [0x00000000ddd80000,0x00000000de57cb30,0x00000000de580000)
  to   space 10240K, 0% used [0x00000000e1f80000,0x00000000e1f80000,0x00000000e2980000)
 ParOldGen       total 50688K, used 7512K [0x0000000081a00000, 0x0000000084b80000, 0x00000000d5e00000)
  object space 50688K, 14% used [0x0000000081a00000,0x0000000082156170,0x0000000084b80000)
 Metaspace       used 28581K, capacity 29600K, committed 29824K, reserved 1075200K
  class space    used 3675K, capacity 3912K, committed 3968K, reserved 1048576K
}
Event: 14.575 GC heap before
{Heap before GC invocations=9 (full 1):
 PSYoungGen      total 138752K, used 138738K [0x00000000d5e00000, 0x00000000e2980000, 0x0000000100000000)
  eden space 130560K, 100% used [0x00000000d5e00000,0x00000000ddd80000,0x00000000ddd80000)
  from space 8192K, 99% used [0x00000000ddd80000,0x00000000de57cb30,0x00000000de580000)
  to   space 10240K, 0% used [0x00000000e1f80000,0x00000000e1f80000,0x00000000e2980000)
 ParOldGen       total 50688K, used 7512K [0x0000000081a00000, 0x0000000084b80000, 0x00000000d5e00000)
  object space 50688K, 14% used [0x0000000081a00000,0x0000000082156170,0x0000000084b80000)
 Metaspace       used 33106K, capacity 34488K, committed 34560K, reserved 1079296K
  class space    used 4279K, capacity 4564K, committed 4608K, reserved 1048576K
Event: 14.619 GC heap after
Heap after GC invocations=9 (full 1):
 PSYoungGen      total 195584K, used 10208K [0x00000000d5e00000, 0x00000000e4700000, 0x0000000100000000)
  eden space 185344K, 0% used [0x00000000d5e00000,0x00000000d5e00000,0x00000000e1300000)
  from space 10240K, 99% used [0x00000000e1f80000,0x00000000e2978020,0x00000000e2980000)
  to   space 12800K, 0% used [0x00000000e1300000,0x00000000e1300000,0x00000000e1f80000)
 ParOldGen       total 50688K, used 10187K [0x0000000081a00000, 0x0000000084b80000, 0x00000000d5e00000)
  object space 50688K, 20% used [0x0000000081a00000,0x00000000823f2fc0,0x0000000084b80000)
 Metaspace       used 33106K, capacity 34488K, committed 34560K, reserved 1079296K
  class space    used 4279K, capacity 4564K, committed 4608K, reserved 1048576K
}
Event: 16.245 GC heap before
{Heap before GC invocations=10 (full 1):
 PSYoungGen      total 195584K, used 28882K [0x00000000d5e00000, 0x00000000e4700000, 0x0000000100000000)
  eden space 185344K, 10% used [0x00000000d5e00000,0x00000000d703caf0,0x00000000e1300000)
  from space 10240K, 99% used [0x00000000e1f80000,0x00000000e2978020,0x00000000e2980000)
  to   space 12800K, 0% used [0x00000000e1300000,0x00000000e1300000,0x00000000e1f80000)
 ParOldGen       total 50688K, used 10187K [0x0000000081a00000, 0x0000000084b80000, 0x00000000d5e00000)
  object space 50688K, 20% used [0x0000000081a00000,0x00000000823f2fc0,0x0000000084b80000)
 Metaspace       used 33989K, capacity 35370K, committed 35416K, reserved 1079296K
  class space    used 4385K, capacity 4663K, committed 4696K, reserved 1048576K
Event: 16.379 GC heap after
Heap after GC invocations=10 (full 1):
 PSYoungGen      total 198144K, used 9545K [0x00000000d5e00000, 0x00000000e7f00000, 0x0000000100000000)
  eden space 185344K, 0% used [0x00000000d5e00000,0x00000000d5e00000,0x00000000e1300000)
  from space 12800K, 74% used [0x00000000e1300000,0x00000000e1c52600,0x00000000e1f80000)
  to   space 13312K, 0% used [0x00000000e7200000,0x00000000e7200000,0x00000000e7f00000)
 ParOldGen       total 50688K, used 12092K [0x0000000081a00000, 0x0000000084b80000, 0x00000000d5e00000)
  object space 50688K, 23% used [0x0000000081a00000,0x00000000825cf348,0x0000000084b80000)
 Metaspace       used 33989K, capacity 35370K, committed 35416K, reserved 1079296K
  class space    used 4385K, capacity 4663K, committed 4696K, reserved 1048576K
}
Event: 16.379 GC heap before
{Heap before GC invocations=11 (full 2):
 PSYoungGen      total 198144K, used 9545K [0x00000000d5e00000, 0x00000000e7f00000, 0x0000000100000000)
  eden space 185344K, 0% used [0x00000000d5e00000,0x00000000d5e00000,0x00000000e1300000)
  from space 12800K, 74% used [0x00000000e1300000,0x00000000e1c52600,0x00000000e1f80000)
  to   space 13312K, 0% used [0x00000000e7200000,0x00000000e7200000,0x00000000e7f00000)
 ParOldGen       total 50688K, used 12092K [0x0000000081a00000, 0x0000000084b80000, 0x00000000d5e00000)
  object space 50688K, 23% used [0x0000000081a00000,0x00000000825cf348,0x0000000084b80000)
 Metaspace       used 33989K, capacity 35370K, committed 35416K, reserved 1079296K
  class space    used 4385K, capacity 4663K, committed 4696K, reserved 1048576K
Event: 16.659 GC heap after
Heap after GC invocations=11 (full 2):
 PSYoungGen      total 198144K, used 0K [0x00000000d5e00000, 0x00000000e7f00000, 0x0000000100000000)
  eden space 185344K, 0% used [0x00000000d5e00000,0x00000000d5e00000,0x00000000e1300000)
  from space 12800K, 0% used [0x00000000e1300000,0x00000000e1300000,0x00000000e1f80000)
  to   space 13312K, 0% used [0x00000000e7200000,0x00000000e7200000,0x00000000e7f00000)
 ParOldGen       total 76800K, used 15878K [0x0000000081a00000, 0x0000000086500000, 0x00000000d5e00000)
  object space 76800K, 20% used [0x0000000081a00000,0x0000000082981ba8,0x0000000086500000)
 Metaspace       used 33989K, capacity 35370K, committed 35416K, reserved 1079296K
  class space    used 4385K, capacity 4663K, committed 4696K, reserved 1048576K
}
Event: 30.971 GC heap before
{Heap before GC invocations=12 (full 2):
 PSYoungGen      total 198144K, used 185344K [0x00000000d5e00000, 0x00000000e7f00000, 0x0000000100000000)
  eden space 185344K, 100% used [0x00000000d5e00000,0x00000000e1300000,0x00000000e1300000)
  from space 12800K, 0% used [0x00000000e1300000,0x00000000e1300000,0x00000000e1f80000)
  to   space 13312K, 0% used [0x00000000e7200000,0x00000000e7200000,0x00000000e7f00000)
 ParOldGen       total 76800K, used 15878K [0x0000000081a00000, 0x0000000086500000, 0x00000000d5e00000)
  object space 76800K, 20% used [0x0000000081a00000,0x0000000082981ba8,0x0000000086500000)
 Metaspace       used 39432K, capacity 41160K, committed 41304K, reserved 1085440K
  class space    used 5099K, capacity 5446K, committed 5464K, reserved 1048576K
Event: 31.017 GC heap after
Heap after GC invocations=12 (full 2):
 PSYoungGen      total 264704K, used 12634K [0x00000000d5e00000, 0x00000000e7e80000, 0x0000000100000000)
  eden space 251904K, 0% used [0x00000000d5e00000,0x00000000d5e00000,0x00000000e5400000)
  from space 12800K, 98% used [0x00000000e7200000,0x00000000e7e56be8,0x00000000e7e80000)
  to   space 14336K, 0% used [0x00000000e6280000,0x00000000e6280000,0x00000000e7080000)
 ParOldGen       total 76800K, used 15886K [0x0000000081a00000, 0x0000000086500000, 0x00000000d5e00000)
  object space 76800K, 20% used [0x0000000081a00000,0x0000000082983ba8,0x0000000086500000)
 Metaspace       used 39432K, capacity 41160K, committed 41304K, reserved 1085440K
  class space    used 5099K, capacity 5446K, committed 5464K, reserved 1048576K
}

