# JRE version: Java(TM) SE Runtime Environment (8.0_211-b12) (build 1.8.0_211-b12)
# Java VM: Java HotSpot(TM) 64-Bit Server VM (25.211-b12 mixed mode windows-amd64 compressed oops)
Heap:
 PSYoungGen      total 287232K, used 13552K [0x00000000d5e00000, 0x00000000e8c00000, 0x0000000100000000)
  eden space 265216K, 5% used [0x00000000d5e00000,0x00000000d6b3c360,0x00000000e6100000)
  from space 22016K, 0% used [0x00000000e6100000,0x00000000e6100000,0x00000000e7680000)
  to   space 17408K, 0% used [0x00000000e7900000,0x00000000e7900000,0x00000000e8a00000)
 ParOldGen       total 86528K, used 30785K [0x0000000081a00000, 0x0000000086e80000, 0x00000000d5e00000)
  object space 86528K, 35% used [0x0000000081a00000,0x0000000083810518,0x0000000086e80000)
 Metaspace       used 56954K, capacity 59300K, committed 59352K, reserved 1101824K
  class space    used 7468K, capacity 7884K, committed 7896K, reserved 1048576K
GC Heap History (10 events):
Event: 14.688 GC heap before
{Heap before GC invocations=12 (full 2):
 PSYoungGen      total 173056K, used 160256K [0x00000000d5e00000, 0x00000000e4480000, 0x0000000100000000)
  eden space 160256K, 100% used [0x00000000d5e00000,0x00000000dfa80000,0x00000000dfa80000)
  from space 12800K, 0% used [0x00000000dfa80000,0x00000000dfa80000,0x00000000e0700000)
  to   space 12800K, 0% used [0x00000000e3800000,0x00000000e3800000,0x00000000e4480000)
 ParOldGen       total 86528K, used 16811K [0x0000000081a00000, 0x0000000086e80000, 0x00000000d5e00000)
  object space 86528K, 19% used [0x0000000081a00000,0x0000000082a6ae88,0x0000000086e80000)
 Metaspace       used 39078K, capacity 40818K, committed 41048K, reserved 1085440K
  class space    used 5049K, capacity 5373K, committed 5464K, reserved 1048576K
Event: 14.726 GC heap after
Heap after GC invocations=12 (full 2):
 PSYoungGen      total 222208K, used 11363K [0x00000000d5e00000, 0x00000000e4700000, 0x0000000100000000)
  eden space 209408K, 0% used [0x00000000d5e00000,0x00000000d5e00000,0x00000000e2a80000)
  from space 12800K, 88% used [0x00000000e3800000,0x00000000e4318cf8,0x00000000e4480000)
  to   space 13824K, 0% used [0x00000000e2a80000,0x00000000e2a80000,0x00000000e3800000)
 ParOldGen       total 86528K, used 16819K [0x0000000081a00000, 0x0000000086e80000, 0x00000000d5e00000)
  object space 86528K, 19% used [0x0000000081a00000,0x0000000082a6ce88,0x0000000086e80000)
 Metaspace       used 39078K, capacity 40818K, committed 41048K, reserved 1085440K
  class space    used 5049K, capacity 5373K, committed 5464K, reserved 1048576K
}
Event: 21.100 GC heap before
{Heap before GC invocations=13 (full 2):
 PSYoungGen      total 222208K, used 220771K [0x00000000d5e00000, 0x00000000e4700000, 0x0000000100000000)
  eden space 209408K, 100% used [0x00000000d5e00000,0x00000000e2a80000,0x00000000e2a80000)
  from space 12800K, 88% used [0x00000000e3800000,0x00000000e4318cf8,0x00000000e4480000)
  to   space 13824K, 0% used [0x00000000e2a80000,0x00000000e2a80000,0x00000000e3800000)
 ParOldGen       total 86528K, used 16819K [0x0000000081a00000, 0x0000000086e80000, 0x00000000d5e00000)
  object space 86528K, 19% used [0x0000000081a00000,0x0000000082a6ce88,0x0000000086e80000)
 Metaspace       used 45288K, capacity 47390K, committed 47576K, reserved 1091584K
  class space    used 5875K, capacity 6247K, committed 6360K, reserved 1048576K
Event: 21.172 GC heap after
Heap after GC invocations=13 (full 2):
 PSYoungGen      total 223232K, used 13817K [0x00000000d5e00000, 0x00000000e8a00000, 0x0000000100000000)
  eden space 209408K, 0% used [0x00000000d5e00000,0x00000000d5e00000,0x00000000e2a80000)
  from space 13824K, 99% used [0x00000000e2a80000,0x00000000e37fe568,0x00000000e3800000)
  to   space 17408K, 0% used [0x00000000e7900000,0x00000000e7900000,0x00000000e8a00000)
 ParOldGen       total 86528K, used 21689K [0x0000000081a00000, 0x0000000086e80000, 0x00000000d5e00000)
  object space 86528K, 25% used [0x0000000081a00000,0x0000000082f2e700,0x0000000086e80000)
 Metaspace       used 45288K, capacity 47390K, committed 47576K, reserved 1091584K
  class space    used 5875K, capacity 6247K, committed 6360K, reserved 1048576K
}
Event: 31.388 GC heap before
{Heap before GC invocations=14 (full 2):
 PSYoungGen      total 223232K, used 223225K [0x00000000d5e00000, 0x00000000e8a00000, 0x0000000100000000)
  eden space 209408K, 100% used [0x00000000d5e00000,0x00000000e2a80000,0x00000000e2a80000)
  from space 13824K, 99% used [0x00000000e2a80000,0x00000000e37fe568,0x00000000e3800000)
  to   space 17408K, 0% used [0x00000000e7900000,0x00000000e7900000,0x00000000e8a00000)
 ParOldGen       total 86528K, used 21693K [0x0000000081a00000, 0x0000000086e80000, 0x00000000d5e00000)
  object space 86528K, 25% used [0x0000000081a00000,0x0000000082f2f6c0,0x0000000086e80000)
 Metaspace       used 55490K, capacity 57778K, committed 57944K, reserved 1099776K
  class space    used 7294K, capacity 7705K, committed 7768K, reserved 1048576K
Event: 31.426 GC heap after
Heap after GC invocations=14 (full 2):
 PSYoungGen      total 282624K, used 17403K [0x00000000d5e00000, 0x00000000e8c00000, 0x0000000100000000)
  eden space 265216K, 0% used [0x00000000d5e00000,0x00000000d5e00000,0x00000000e6100000)
  from space 17408K, 99% used [0x00000000e7900000,0x00000000e89feec0,0x00000000e8a00000)
  to   space 22016K, 0% used [0x00000000e6100000,0x00000000e6100000,0x00000000e7680000)
 ParOldGen       total 86528K, used 27130K [0x0000000081a00000, 0x0000000086e80000, 0x00000000d5e00000)
  object space 86528K, 31% used [0x0000000081a00000,0x000000008347e858,0x0000000086e80000)
 Metaspace       used 55490K, capacity 57778K, committed 57944K, reserved 1099776K
  class space    used 7294K, capacity 7705K, committed 7768K, reserved 1048576K
}
Event: 442.197 GC heap before
{Heap before GC invocations=15 (full 2):
 PSYoungGen      total 282624K, used 47886K [0x00000000d5e00000, 0x00000000e8c00000, 0x0000000100000000)
  eden space 265216K, 11% used [0x00000000d5e00000,0x00000000d7bc4c38,0x00000000e6100000)
  from space 17408K, 99% used [0x00000000e7900000,0x00000000e89feec0,0x00000000e8a00000)
  to   space 22016K, 0% used [0x00000000e6100000,0x00000000e6100000,0x00000000e7680000)
 ParOldGen       total 86528K, used 27130K [0x0000000081a00000, 0x0000000086e80000, 0x00000000d5e00000)
  object space 86528K, 31% used [0x0000000081a00000,0x000000008347e858,0x0000000086e80000)
 Metaspace       used 56596K, capacity 58942K, committed 59028K, reserved 1099776K
  class space    used 7423K, capacity 7851K, committed 7896K, reserved 1048576K
Event: 442.270 GC heap after
Heap after GC invocations=15 (full 2):
 PSYoungGen      total 287232K, used 1208K [0x00000000d5e00000, 0x00000000e8c00000, 0x0000000100000000)
  eden space 265216K, 0% used [0x00000000d5e00000,0x00000000d5e00000,0x00000000e6100000)
  from space 22016K, 5% used [0x00000000e6100000,0x00000000e622e1e8,0x00000000e7680000)
  to   space 17408K, 0% used [0x00000000e7900000,0x00000000e7900000,0x00000000e8a00000)
 ParOldGen       total 86528K, used 38364K [0x0000000081a00000, 0x0000000086e80000, 0x00000000d5e00000)
  object space 86528K, 44% used [0x0000000081a00000,0x0000000083f77200,0x0000000086e80000)
 Metaspace       used 56596K, capacity 58942K, committed 59028K, reserved 1099776K
  class space    used 7423K, capacity 7851K, committed 7896K, reserved 1048576K
}
Event: 442.270 GC heap before
{Heap before GC invocations=16 (full 3):
 PSYoungGen      total 287232K, used 1208K [0x00000000d5e00000, 0x00000000e8c00000, 0x0000000100000000)
  eden space 265216K, 0% used [0x00000000d5e00000,0x00000000d5e00000,0x00000000e6100000)
  from space 22016K, 5% used [0x00000000e6100000,0x00000000e622e1e8,0x00000000e7680000)
  to   space 17408K, 0% used [0x00000000e7900000,0x00000000e7900000,0x00000000e8a00000)
 ParOldGen       total 86528K, used 38364K [0x0000000081a00000, 0x0000000086e80000, 0x00000000d5e00000)
  object space 86528K, 44% used [0x0000000081a00000,0x0000000083f77200,0x0000000086e80000)
 Metaspace       used 56596K, capacity 58942K, committed 59028K, reserved 1099776K
  class space    used 7423K, capacity 7851K, committed 7896K, reserved 1048576K
Event: 443.016 GC heap after
Heap after GC invocations=16 (full 3):
 PSYoungGen      total 287232K, used 0K [0x00000000d5e00000, 0x00000000e8c00000, 0x0000000100000000)
  eden space 265216K, 0% used [0x00000000d5e00000,0x00000000d5e00000,0x00000000e6100000)
  from space 22016K, 0% used [0x00000000e6100000,0x00000000e6100000,0x00000000e7680000)
  to   space 17408K, 0% used [0x00000000e7900000,0x00000000e7900000,0x00000000e8a00000)
 ParOldGen       total 86528K, used 30785K [0x0000000081a00000, 0x0000000086e80000, 0x00000000d5e00000)
  object space 86528K, 35% used [0x0000000081a00000,0x0000000083810518,0x0000000086e80000)
 Metaspace       used 56596K, capacity 58942K, committed 59028K, reserved 1099776K
  class space    used 7423K, capacity 7851K, committed 7896K, reserved 1048576K
}

