# JRE version: Java(TM) SE Runtime Environment (8.0_211-b12) (build 1.8.0_211-b12)
# Java VM: Java HotSpot(TM) 64-Bit Server VM (25.211-b12 mixed mode windows-amd64 compressed oops)
Heap:
 PSYoungGen      total 299520K, used 14723K [0x00000000d5e00000, 0x00000000e9780000, 0x0000000100000000)
  eden space 284672K, 5% used [0x00000000d5e00000,0x00000000d6c60c08,0x00000000e7400000)
  from space 14848K, 0% used [0x00000000e8900000,0x00000000e8900000,0x00000000e9780000)
  to   space 16384K, 0% used [0x00000000e7780000,0x00000000e7780000,0x00000000e8780000)
 ParOldGen       total 127488K, used 36857K [0x0000000081a00000, 0x0000000089680000, 0x00000000d5e00000)
  object space 127488K, 28% used [0x0000000081a00000,0x0000000083dfe610,0x0000000089680000)
 Metaspace       used 57410K, capacity 59876K, committed 59992K, reserved 1101824K
  class space    used 7531K, capacity 7960K, committed 8024K, reserved 1048576K
GC Heap History (10 events):
Event: 7.281 GC heap before
{Heap before GC invocations=11 (full 2):
 PSYoungGen      total 180736K, used 10020K [0x00000000d5e00000, 0x00000000e5580000, 0x0000000100000000)
  eden space 167936K, 0% used [0x00000000d5e00000,0x00000000d5e00000,0x00000000e0200000)
  from space 12800K, 78% used [0x00000000e0200000,0x00000000e0bc9218,0x00000000e0e80000)
  to   space 13312K, 0% used [0x00000000e4880000,0x00000000e4880000,0x00000000e5580000)
 ParOldGen       total 53248K, used 12281K [0x0000000081a00000, 0x0000000084e00000, 0x00000000d5e00000)
  object space 53248K, 23% used [0x0000000081a00000,0x00000000825fe5d0,0x0000000084e00000)
 Metaspace       used 34062K, capacity 35406K, committed 35416K, reserved 1079296K
  class space    used 4409K, capacity 4695K, committed 4696K, reserved 1048576K
Event: 7.363 GC heap after
Heap after GC invocations=11 (full 2):
 PSYoungGen      total 180736K, used 0K [0x00000000d5e00000, 0x00000000e5580000, 0x0000000100000000)
  eden space 167936K, 0% used [0x00000000d5e00000,0x00000000d5e00000,0x00000000e0200000)
  from space 12800K, 0% used [0x00000000e0200000,0x00000000e0200000,0x00000000e0e80000)
  to   space 13312K, 0% used [0x00000000e4880000,0x00000000e4880000,0x00000000e5580000)
 ParOldGen       total 85504K, used 17209K [0x0000000081a00000, 0x0000000086d80000, 0x00000000d5e00000)
  object space 85504K, 20% used [0x0000000081a00000,0x0000000082ace448,0x0000000086d80000)
 Metaspace       used 34062K, capacity 35406K, committed 35416K, reserved 1079296K
  class space    used 4409K, capacity 4695K, committed 4696K, reserved 1048576K
}
Event: 10.148 GC heap before
{Heap before GC invocations=12 (full 2):
 PSYoungGen      total 180736K, used 167936K [0x00000000d5e00000, 0x00000000e5580000, 0x0000000100000000)
  eden space 167936K, 100% used [0x00000000d5e00000,0x00000000e0200000,0x00000000e0200000)
  from space 12800K, 0% used [0x00000000e0200000,0x00000000e0200000,0x00000000e0e80000)
  to   space 13312K, 0% used [0x00000000e4880000,0x00000000e4880000,0x00000000e5580000)
 ParOldGen       total 85504K, used 17209K [0x0000000081a00000, 0x0000000086d80000, 0x00000000d5e00000)
  object space 85504K, 20% used [0x0000000081a00000,0x0000000082ace448,0x0000000086d80000)
 Metaspace       used 39133K, capacity 40920K, committed 41048K, reserved 1085440K
  class space    used 5058K, capacity 5406K, committed 5464K, reserved 1048576K
Event: 10.167 GC heap after
Heap after GC invocations=12 (full 2):
 PSYoungGen      total 232960K, used 11437K [0x00000000d5e00000, 0x00000000e5400000, 0x0000000100000000)
  eden space 221184K, 0% used [0x00000000d5e00000,0x00000000d5e00000,0x00000000e3600000)
  from space 11776K, 97% used [0x00000000e4880000,0x00000000e53ab780,0x00000000e5400000)
  to   space 14336K, 0% used [0x00000000e3800000,0x00000000e3800000,0x00000000e4600000)
 ParOldGen       total 85504K, used 17209K [0x0000000081a00000, 0x0000000086d80000, 0x00000000d5e00000)
  object space 85504K, 20% used [0x0000000081a00000,0x0000000082ace448,0x0000000086d80000)
 Metaspace       used 39133K, capacity 40920K, committed 41048K, reserved 1085440K
  class space    used 5058K, capacity 5406K, committed 5464K, reserved 1048576K
}
Event: 12.483 GC heap before
{Heap before GC invocations=13 (full 2):
 PSYoungGen      total 232960K, used 232621K [0x00000000d5e00000, 0x00000000e5400000, 0x0000000100000000)
  eden space 221184K, 100% used [0x00000000d5e00000,0x00000000e3600000,0x00000000e3600000)
  from space 11776K, 97% used [0x00000000e4880000,0x00000000e53ab780,0x00000000e5400000)
  to   space 14336K, 0% used [0x00000000e3800000,0x00000000e3800000,0x00000000e4600000)
 ParOldGen       total 85504K, used 17209K [0x0000000081a00000, 0x0000000086d80000, 0x00000000d5e00000)
  object space 85504K, 20% used [0x0000000081a00000,0x0000000082ace448,0x0000000086d80000)
 Metaspace       used 45599K, capacity 47806K, committed 48088K, reserved 1091584K
  class space    used 5937K, capacity 6323K, committed 6360K, reserved 1048576K
Event: 12.526 GC heap after
Heap after GC invocations=13 (full 2):
 PSYoungGen      total 237568K, used 11193K [0x00000000d5e00000, 0x00000000e9780000, 0x0000000100000000)
  eden space 223232K, 0% used [0x00000000d5e00000,0x00000000d5e00000,0x00000000e3800000)
  from space 14336K, 78% used [0x00000000e3800000,0x00000000e42ee5b8,0x00000000e4600000)
  to   space 14848K, 0% used [0x00000000e8900000,0x00000000e8900000,0x00000000e9780000)
 ParOldGen       total 85504K, used 25313K [0x0000000081a00000, 0x0000000086d80000, 0x00000000d5e00000)
  object space 85504K, 29% used [0x0000000081a00000,0x00000000832b8660,0x0000000086d80000)
 Metaspace       used 45599K, capacity 47806K, committed 48088K, reserved 1091584K
  class space    used 5937K, capacity 6323K, committed 6360K, reserved 1048576K
}
Event: 70.816 GC heap before
{Heap before GC invocations=14 (full 2):
 PSYoungGen      total 237568K, used 227382K [0x00000000d5e00000, 0x00000000e9780000, 0x0000000100000000)
  eden space 223232K, 96% used [0x00000000d5e00000,0x00000000e311f2d0,0x00000000e3800000)
  from space 14336K, 78% used [0x00000000e3800000,0x00000000e42ee5b8,0x00000000e4600000)
  to   space 14848K, 0% used [0x00000000e8900000,0x00000000e8900000,0x00000000e9780000)
 ParOldGen       total 85504K, used 25313K [0x0000000081a00000, 0x0000000086d80000, 0x00000000d5e00000)
  object space 85504K, 29% used [0x0000000081a00000,0x00000000832b8660,0x0000000086d80000)
 Metaspace       used 56647K, capacity 58960K, committed 59028K, reserved 1099776K
  class space    used 7447K, capacity 7880K, committed 7896K, reserved 1048576K
Event: 70.862 GC heap after
Heap after GC invocations=14 (full 2):
 PSYoungGen      total 299520K, used 14481K [0x00000000d5e00000, 0x00000000e9780000, 0x0000000100000000)
  eden space 284672K, 0% used [0x00000000d5e00000,0x00000000d5e00000,0x00000000e7400000)
  from space 14848K, 97% used [0x00000000e8900000,0x00000000e9724458,0x00000000e9780000)
  to   space 16384K, 0% used [0x00000000e7780000,0x00000000e7780000,0x00000000e8780000)
 ParOldGen       total 85504K, used 30277K [0x0000000081a00000, 0x0000000086d80000, 0x00000000d5e00000)
  object space 85504K, 35% used [0x0000000081a00000,0x00000000837916b0,0x0000000086d80000)
 Metaspace       used 56647K, capacity 58960K, committed 59028K, reserved 1099776K
  class space    used 7447K, capacity 7880K, committed 7896K, reserved 1048576K
}
Event: 70.862 GC heap before
{Heap before GC invocations=15 (full 3):
 PSYoungGen      total 299520K, used 14481K [0x00000000d5e00000, 0x00000000e9780000, 0x0000000100000000)
  eden space 284672K, 0% used [0x00000000d5e00000,0x00000000d5e00000,0x00000000e7400000)
  from space 14848K, 97% used [0x00000000e8900000,0x00000000e9724458,0x00000000e9780000)
  to   space 16384K, 0% used [0x00000000e7780000,0x00000000e7780000,0x00000000e8780000)
 ParOldGen       total 85504K, used 30277K [0x0000000081a00000, 0x0000000086d80000, 0x00000000d5e00000)
  object space 85504K, 35% used [0x0000000081a00000,0x00000000837916b0,0x0000000086d80000)
 Metaspace       used 56647K, capacity 58960K, committed 59028K, reserved 1099776K
  class space    used 7447K, capacity 7880K, committed 7896K, reserved 1048576K
Event: 71.174 GC heap after
Heap after GC invocations=15 (full 3):
 PSYoungGen      total 299520K, used 0K [0x00000000d5e00000, 0x00000000e9780000, 0x0000000100000000)
  eden space 284672K, 0% used [0x00000000d5e00000,0x00000000d5e00000,0x00000000e7400000)
  from space 14848K, 0% used [0x00000000e8900000,0x00000000e8900000,0x00000000e9780000)
  to   space 16384K, 0% used [0x00000000e7780000,0x00000000e7780000,0x00000000e8780000)
 ParOldGen       total 127488K, used 36857K [0x0000000081a00000, 0x0000000089680000, 0x00000000d5e00000)
  object space 127488K, 28% used [0x0000000081a00000,0x0000000083dfe610,0x0000000089680000)
 Metaspace       used 56647K, capacity 58960K, committed 59028K, reserved 1099776K
  class space    used 7447K, capacity 7880K, committed 7896K, reserved 1048576K
}

