# JRE version: Java(TM) SE Runtime Environment (8.0_211-b12) (build 1.8.0_211-b12)
# Java VM: Java HotSpot(TM) 64-Bit Server VM (25.211-b12 mixed mode windows-amd64 compressed oops)
Heap:
 PSYoungGen      total 345088K, used 79649K [0x00000000d5e00000, 0x00000000ec600000, 0x0000000100000000)
  eden space 324096K, 24% used [0x00000000d5e00000,0x00000000dabc8600,0x00000000e9a80000)
  from space 20992K, 0% used [0x00000000e9a80000,0x00000000e9a80000,0x00000000eaf00000)
  to   space 16384K, 0% used [0x00000000eaf00000,0x00000000eaf00000,0x00000000ebf00000)
 ParOldGen       total 101376K, used 33207K [0x0000000081a00000, 0x0000000087d00000, 0x00000000d5e00000)
  object space 101376K, 32% used [0x0000000081a00000,0x0000000083a6dc98,0x0000000087d00000)
 Metaspace       used 58887K, capacity 61487K, committed 61656K, reserved 1101824K
  class space    used 7851K, capacity 8318K, committed 8408K, reserved 1048576K
GC Heap History (10 events):
Event: 17.189 GC heap before
{Heap before GC invocations=10 (full 2):
 PSYoungGen      total 249344K, used 11233K [0x00000000d5e00000, 0x00000000e6880000, 0x0000000100000000)
  eden space 238080K, 0% used [0x00000000d5e00000,0x00000000d5e00000,0x00000000e4680000)
  from space 11264K, 99% used [0x00000000e5480000,0x00000000e5f785b8,0x00000000e5f80000)
  to   space 14336K, 0% used [0x00000000e4680000,0x00000000e4680000,0x00000000e5480000)
 ParOldGen       total 44544K, used 12257K [0x0000000081a00000, 0x0000000084580000, 0x00000000d5e00000)
  object space 44544K, 27% used [0x0000000081a00000,0x00000000825f8540,0x0000000084580000)
 Metaspace       used 33993K, capacity 35380K, committed 35416K, reserved 1079296K
  class space    used 4376K, capacity 4664K, committed 4696K, reserved 1048576K
Event: 17.301 GC heap after
Heap after GC invocations=10 (full 2):
 PSYoungGen      total 249344K, used 0K [0x00000000d5e00000, 0x00000000e6880000, 0x0000000100000000)
  eden space 238080K, 0% used [0x00000000d5e00000,0x00000000d5e00000,0x00000000e4680000)
  from space 11264K, 0% used [0x00000000e5480000,0x00000000e5480000,0x00000000e5f80000)
  to   space 14336K, 0% used [0x00000000e4680000,0x00000000e4680000,0x00000000e5480000)
 ParOldGen       total 72192K, used 19772K [0x0000000081a00000, 0x0000000086080000, 0x00000000d5e00000)
  object space 72192K, 27% used [0x0000000081a00000,0x0000000082d4f320,0x0000000086080000)
 Metaspace       used 33993K, capacity 35380K, committed 35416K, reserved 1079296K
  class space    used 4376K, capacity 4664K, committed 4696K, reserved 1048576K
}
Event: 21.210 GC heap before
{Heap before GC invocations=11 (full 2):
 PSYoungGen      total 249344K, used 238080K [0x00000000d5e00000, 0x00000000e6880000, 0x0000000100000000)
  eden space 238080K, 100% used [0x00000000d5e00000,0x00000000e4680000,0x00000000e4680000)
  from space 11264K, 0% used [0x00000000e5480000,0x00000000e5480000,0x00000000e5f80000)
  to   space 14336K, 0% used [0x00000000e4680000,0x00000000e4680000,0x00000000e5480000)
 ParOldGen       total 72192K, used 19772K [0x0000000081a00000, 0x0000000086080000, 0x00000000d5e00000)
  object space 72192K, 27% used [0x0000000081a00000,0x0000000082d4f320,0x0000000086080000)
 Metaspace       used 41314K, capacity 43038K, committed 43224K, reserved 1087488K
  class space    used 5421K, capacity 5771K, committed 5848K, reserved 1048576K
Event: 21.228 GC heap after
Heap after GC invocations=11 (full 2):
 PSYoungGen      total 252416K, used 14325K [0x00000000d5e00000, 0x00000000ebf00000, 0x0000000100000000)
  eden space 238080K, 0% used [0x00000000d5e00000,0x00000000d5e00000,0x00000000e4680000)
  from space 14336K, 99% used [0x00000000e4680000,0x00000000e547d798,0x00000000e5480000)
  to   space 16384K, 0% used [0x00000000eaf00000,0x00000000eaf00000,0x00000000ebf00000)
 ParOldGen       total 72192K, used 19945K [0x0000000081a00000, 0x0000000086080000, 0x00000000d5e00000)
  object space 72192K, 27% used [0x0000000081a00000,0x0000000082d7a788,0x0000000086080000)
 Metaspace       used 41314K, capacity 43038K, committed 43224K, reserved 1087488K
  class space    used 5421K, capacity 5771K, committed 5848K, reserved 1048576K
}
Event: 24.595 GC heap before
{Heap before GC invocations=12 (full 2):
 PSYoungGen      total 252416K, used 252405K [0x00000000d5e00000, 0x00000000ebf00000, 0x0000000100000000)
  eden space 238080K, 100% used [0x00000000d5e00000,0x00000000e4680000,0x00000000e4680000)
  from space 14336K, 99% used [0x00000000e4680000,0x00000000e547d798,0x00000000e5480000)
  to   space 16384K, 0% used [0x00000000eaf00000,0x00000000eaf00000,0x00000000ebf00000)
 ParOldGen       total 72192K, used 19945K [0x0000000081a00000, 0x0000000086080000, 0x00000000d5e00000)
  object space 72192K, 27% used [0x0000000081a00000,0x0000000082d7a788,0x0000000086080000)
 Metaspace       used 50947K, capacity 53128K, committed 53336K, reserved 1095680K
  class space    used 6791K, capacity 7182K, committed 7256K, reserved 1048576K
Event: 24.639 GC heap after
Heap after GC invocations=12 (full 2):
 PSYoungGen      total 340480K, used 16376K [0x00000000d5e00000, 0x00000000ec600000, 0x0000000100000000)
  eden space 324096K, 0% used [0x00000000d5e00000,0x00000000d5e00000,0x00000000e9a80000)
  from space 16384K, 99% used [0x00000000eaf00000,0x00000000ebefe050,0x00000000ebf00000)
  to   space 20992K, 0% used [0x00000000e9a80000,0x00000000e9a80000,0x00000000eaf00000)
 ParOldGen       total 72192K, used 26195K [0x0000000081a00000, 0x0000000086080000, 0x00000000d5e00000)
  object space 72192K, 36% used [0x0000000081a00000,0x0000000083394e80,0x0000000086080000)
 Metaspace       used 50947K, capacity 53128K, committed 53336K, reserved 1095680K
  class space    used 6791K, capacity 7182K, committed 7256K, reserved 1048576K
}
Event: 356.271 GC heap before
{Heap before GC invocations=13 (full 2):
 PSYoungGen      total 340480K, used 167651K [0x00000000d5e00000, 0x00000000ec600000, 0x0000000100000000)
  eden space 324096K, 46% used [0x00000000d5e00000,0x00000000df1baf40,0x00000000e9a80000)
  from space 16384K, 99% used [0x00000000eaf00000,0x00000000ebefe050,0x00000000ebf00000)
  to   space 20992K, 0% used [0x00000000e9a80000,0x00000000e9a80000,0x00000000eaf00000)
 ParOldGen       total 72192K, used 26195K [0x0000000081a00000, 0x0000000086080000, 0x00000000d5e00000)
  object space 72192K, 36% used [0x0000000081a00000,0x0000000083394e80,0x0000000086080000)
 Metaspace       used 56496K, capacity 58946K, committed 59028K, reserved 1099776K
  class space    used 7513K, capacity 7945K, committed 8024K, reserved 1048576K
Event: 356.432 GC heap after
Heap after GC invocations=13 (full 2):
 PSYoungGen      total 345088K, used 7274K [0x00000000d5e00000, 0x00000000ec600000, 0x0000000100000000)
  eden space 324096K, 0% used [0x00000000d5e00000,0x00000000d5e00000,0x00000000e9a80000)
  from space 20992K, 34% used [0x00000000e9a80000,0x00000000ea19a8b8,0x00000000eaf00000)
  to   space 16384K, 0% used [0x00000000eaf00000,0x00000000eaf00000,0x00000000ebf00000)
 ParOldGen       total 72192K, used 38129K [0x0000000081a00000, 0x0000000086080000, 0x00000000d5e00000)
  object space 72192K, 52% used [0x0000000081a00000,0x0000000083f3c710,0x0000000086080000)
 Metaspace       used 56496K, capacity 58946K, committed 59028K, reserved 1099776K
  class space    used 7513K, capacity 7945K, committed 8024K, reserved 1048576K
}
Event: 356.432 GC heap before
{Heap before GC invocations=14 (full 3):
 PSYoungGen      total 345088K, used 7274K [0x00000000d5e00000, 0x00000000ec600000, 0x0000000100000000)
  eden space 324096K, 0% used [0x00000000d5e00000,0x00000000d5e00000,0x00000000e9a80000)
  from space 20992K, 34% used [0x00000000e9a80000,0x00000000ea19a8b8,0x00000000eaf00000)
  to   space 16384K, 0% used [0x00000000eaf00000,0x00000000eaf00000,0x00000000ebf00000)
 ParOldGen       total 72192K, used 38129K [0x0000000081a00000, 0x0000000086080000, 0x00000000d5e00000)
  object space 72192K, 52% used [0x0000000081a00000,0x0000000083f3c710,0x0000000086080000)
 Metaspace       used 56496K, capacity 58946K, committed 59028K, reserved 1099776K
  class space    used 7513K, capacity 7945K, committed 8024K, reserved 1048576K
Event: 356.815 GC heap after
Heap after GC invocations=14 (full 3):
 PSYoungGen      total 345088K, used 0K [0x00000000d5e00000, 0x00000000ec600000, 0x0000000100000000)
  eden space 324096K, 0% used [0x00000000d5e00000,0x00000000d5e00000,0x00000000e9a80000)
  from space 20992K, 0% used [0x00000000e9a80000,0x00000000e9a80000,0x00000000eaf00000)
  to   space 16384K, 0% used [0x00000000eaf00000,0x00000000eaf00000,0x00000000ebf00000)
 ParOldGen       total 101376K, used 33207K [0x0000000081a00000, 0x0000000087d00000, 0x00000000d5e00000)
  object space 101376K, 32% used [0x0000000081a00000,0x0000000083a6dc98,0x0000000087d00000)
 Metaspace       used 56496K, capacity 58946K, committed 59028K, reserved 1099776K
  class space    used 7513K, capacity 7945K, committed 8024K, reserved 1048576K
}

