# JRE version: Java(TM) SE Runtime Environment (8.0_211-b12) (build 1.8.0_211-b12)
# Java VM: Java HotSpot(TM) 64-Bit Server VM (25.211-b12 mixed mode windows-amd64 compressed oops)
Heap:
 PSYoungGen      total 462848K, used 175320K [0x00000000d5e00000, 0x00000000f7680000, 0x0000000100000000)
  eden space 438784K, 39% used [0x00000000d5e00000,0x00000000e09361c8,0x00000000f0a80000)
  from space 24064K, 0% used [0x00000000f2280000,0x00000000f2280000,0x00000000f3a00000)
  to   space 24576K, 0% used [0x00000000f0a80000,0x00000000f0a80000,0x00000000f2280000)
 ParOldGen       total 136704K, used 45208K [0x0000000081a00000, 0x0000000089f80000, 0x00000000d5e00000)
  object space 136704K, 33% used [0x0000000081a00000,0x0000000084626228,0x0000000089f80000)
 Metaspace       used 64992K, capacity 67816K, committed 68096K, reserved 1107968K
  class space    used 8614K, capacity 9136K, committed 9216K, reserved 1048576K
GC Heap History (10 events):
Event: 19.612 GC heap before
{Heap before GC invocations=9 (full 2):
 PSYoungGen      total 227840K, used 11901K [0x00000000d5e00000, 0x00000000ecf80000, 0x0000000100000000)
  eden space 215552K, 0% used [0x00000000d5e00000,0x00000000d5e00000,0x00000000e3080000)
  from space 12288K, 96% used [0x00000000e3080000,0x00000000e3c1f630,0x00000000e3c80000)
  to   space 13824K, 0% used [0x00000000ec200000,0x00000000ec200000,0x00000000ecf80000)
 ParOldGen       total 58368K, used 11895K [0x0000000081a00000, 0x0000000085300000, 0x00000000d5e00000)
  object space 58368K, 20% used [0x0000000081a00000,0x000000008259df48,0x0000000085300000)
 Metaspace       used 34237K, capacity 35372K, committed 35416K, reserved 1081344K
  class space    used 4366K, capacity 4600K, committed 4608K, reserved 1048576K
Event: 19.758 GC heap after
Heap after GC invocations=9 (full 2):
 PSYoungGen      total 227840K, used 0K [0x00000000d5e00000, 0x00000000ecf80000, 0x0000000100000000)
  eden space 215552K, 0% used [0x00000000d5e00000,0x00000000d5e00000,0x00000000e3080000)
  from space 12288K, 0% used [0x00000000e3080000,0x00000000e3080000,0x00000000e3c80000)
  to   space 13824K, 0% used [0x00000000ec200000,0x00000000ec200000,0x00000000ecf80000)
 ParOldGen       total 86528K, used 16599K [0x0000000081a00000, 0x0000000086e80000, 0x00000000d5e00000)
  object space 86528K, 19% used [0x0000000081a00000,0x0000000082a35ee0,0x0000000086e80000)
 Metaspace       used 34237K, capacity 35372K, committed 35416K, reserved 1081344K
  class space    used 4366K, capacity 4600K, committed 4608K, reserved 1048576K
}
Event: 23.365 GC heap before
{Heap before GC invocations=10 (full 2):
 PSYoungGen      total 227840K, used 215552K [0x00000000d5e00000, 0x00000000ecf80000, 0x0000000100000000)
  eden space 215552K, 100% used [0x00000000d5e00000,0x00000000e3080000,0x00000000e3080000)
  from space 12288K, 0% used [0x00000000e3080000,0x00000000e3080000,0x00000000e3c80000)
  to   space 13824K, 0% used [0x00000000ec200000,0x00000000ec200000,0x00000000ecf80000)
 ParOldGen       total 86528K, used 16599K [0x0000000081a00000, 0x0000000086e80000, 0x00000000d5e00000)
  object space 86528K, 19% used [0x0000000081a00000,0x0000000082a35ee0,0x0000000086e80000)
 Metaspace       used 41543K, capacity 43346K, committed 43520K, reserved 1087488K
  class space    used 5305K, capacity 5619K, committed 5632K, reserved 1048576K
Event: 23.401 GC heap after
Heap after GC invocations=10 (full 2):
 PSYoungGen      total 348160K, used 13802K [0x00000000d5e00000, 0x00000000ecf80000, 0x0000000100000000)
  eden space 334336K, 0% used [0x00000000d5e00000,0x00000000d5e00000,0x00000000ea480000)
  from space 13824K, 99% used [0x00000000ec200000,0x00000000ecf7a8e8,0x00000000ecf80000)
  to   space 16384K, 0% used [0x00000000eaf80000,0x00000000eaf80000,0x00000000ebf80000)
 ParOldGen       total 86528K, used 19349K [0x0000000081a00000, 0x0000000086e80000, 0x00000000d5e00000)
  object space 86528K, 22% used [0x0000000081a00000,0x0000000082ce55b0,0x0000000086e80000)
 Metaspace       used 41543K, capacity 43346K, committed 43520K, reserved 1087488K
  class space    used 5305K, capacity 5619K, committed 5632K, reserved 1048576K
}
Event: 30.603 GC heap before
{Heap before GC invocations=11 (full 2):
 PSYoungGen      total 348160K, used 348138K [0x00000000d5e00000, 0x00000000ecf80000, 0x0000000100000000)
  eden space 334336K, 100% used [0x00000000d5e00000,0x00000000ea480000,0x00000000ea480000)
  from space 13824K, 99% used [0x00000000ec200000,0x00000000ecf7a8e8,0x00000000ecf80000)
  to   space 16384K, 0% used [0x00000000eaf80000,0x00000000eaf80000,0x00000000ebf80000)
 ParOldGen       total 86528K, used 19349K [0x0000000081a00000, 0x0000000086e80000, 0x00000000d5e00000)
  object space 86528K, 22% used [0x0000000081a00000,0x0000000082ce55b0,0x0000000086e80000)
 Metaspace       used 52508K, capacity 54756K, committed 54912K, reserved 1097728K
  class space    used 6831K, capacity 7292K, committed 7296K, reserved 1048576K
Event: 30.650 GC heap after
Heap after GC invocations=11 (full 2):
 PSYoungGen      total 361984K, used 16379K [0x00000000d5e00000, 0x00000000f3a00000, 0x0000000100000000)
  eden space 345600K, 0% used [0x00000000d5e00000,0x00000000d5e00000,0x00000000eaf80000)
  from space 16384K, 99% used [0x00000000eaf80000,0x00000000ebf7ece0,0x00000000ebf80000)
  to   space 24064K, 0% used [0x00000000f2280000,0x00000000f2280000,0x00000000f3a00000)
 ParOldGen       total 86528K, used 32826K [0x0000000081a00000, 0x0000000086e80000, 0x00000000d5e00000)
  object space 86528K, 37% used [0x0000000081a00000,0x0000000083a0eae8,0x0000000086e80000)
 Metaspace       used 52508K, capacity 54756K, committed 54912K, reserved 1097728K
  class space    used 6831K, capacity 7292K, committed 7296K, reserved 1048576K
}
Event: 33.857 GC heap before
{Heap before GC invocations=12 (full 2):
 PSYoungGen      total 361984K, used 213754K [0x00000000d5e00000, 0x00000000f3a00000, 0x0000000100000000)
  eden space 345600K, 57% used [0x00000000d5e00000,0x00000000e1ebff00,0x00000000eaf80000)
  from space 16384K, 99% used [0x00000000eaf80000,0x00000000ebf7ece0,0x00000000ebf80000)
  to   space 24064K, 0% used [0x00000000f2280000,0x00000000f2280000,0x00000000f3a00000)
 ParOldGen       total 86528K, used 32826K [0x0000000081a00000, 0x0000000086e80000, 0x00000000d5e00000)
  object space 86528K, 37% used [0x0000000081a00000,0x0000000083a0eae8,0x0000000086e80000)
 Metaspace       used 56470K, capacity 58990K, committed 59028K, reserved 1099776K
  class space    used 7414K, capacity 7917K, committed 7936K, reserved 1048576K
Event: 34.137 GC heap after
Heap after GC invocations=12 (full 2):
 PSYoungGen      total 462848K, used 16604K [0x00000000d5e00000, 0x00000000f7680000, 0x0000000100000000)
  eden space 438784K, 0% used [0x00000000d5e00000,0x00000000d5e00000,0x00000000f0a80000)
  from space 24064K, 69% used [0x00000000f2280000,0x00000000f32b7170,0x00000000f3a00000)
  to   space 24576K, 0% used [0x00000000f0a80000,0x00000000f0a80000,0x00000000f2280000)
 ParOldGen       total 86528K, used 41889K [0x0000000081a00000, 0x0000000086e80000, 0x00000000d5e00000)
  object space 86528K, 48% used [0x0000000081a00000,0x00000000842e8680,0x0000000086e80000)
 Metaspace       used 56470K, capacity 58990K, committed 59028K, reserved 1099776K
  class space    used 7414K, capacity 7917K, committed 7936K, reserved 1048576K
}
Event: 34.137 GC heap before
{Heap before GC invocations=13 (full 3):
 PSYoungGen      total 462848K, used 16604K [0x00000000d5e00000, 0x00000000f7680000, 0x0000000100000000)
  eden space 438784K, 0% used [0x00000000d5e00000,0x00000000d5e00000,0x00000000f0a80000)
  from space 24064K, 69% used [0x00000000f2280000,0x00000000f32b7170,0x00000000f3a00000)
  to   space 24576K, 0% used [0x00000000f0a80000,0x00000000f0a80000,0x00000000f2280000)
 ParOldGen       total 86528K, used 41889K [0x0000000081a00000, 0x0000000086e80000, 0x00000000d5e00000)
  object space 86528K, 48% used [0x0000000081a00000,0x00000000842e8680,0x0000000086e80000)
 Metaspace       used 56470K, capacity 58990K, committed 59028K, reserved 1099776K
  class space    used 7414K, capacity 7917K, committed 7936K, reserved 1048576K
Event: 34.707 GC heap after
Heap after GC invocations=13 (full 3):
 PSYoungGen      total 462848K, used 0K [0x00000000d5e00000, 0x00000000f7680000, 0x0000000100000000)
  eden space 438784K, 0% used [0x00000000d5e00000,0x00000000d5e00000,0x00000000f0a80000)
  from space 24064K, 0% used [0x00000000f2280000,0x00000000f2280000,0x00000000f3a00000)
  to   space 24576K, 0% used [0x00000000f0a80000,0x00000000f0a80000,0x00000000f2280000)
 ParOldGen       total 136704K, used 45208K [0x0000000081a00000, 0x0000000089f80000, 0x00000000d5e00000)
  object space 136704K, 33% used [0x0000000081a00000,0x0000000084626228,0x0000000089f80000)
 Metaspace       used 56470K, capacity 58990K, committed 59028K, reserved 1099776K
  class space    used 7414K, capacity 7917K, committed 7936K, reserved 1048576K
}

